#
# A fatal error has been detected by the Java Runtime Environment:
#
#  Internal Error (signature.cpp:308), pid=10436, tid=11728
#  Error: ShouldNotReachHere()
#
# JRE version: Java(TM) SE Runtime Environment (8.0_77-b03) (build 1.8.0_77-b03)
# Java VM: Java HotSpot(TM) 64-Bit Server VM (25.77-b03 mixed mode windows-amd64 compressed oops)
# Failed to write core dump. Minidumps are not enabled by default on client versions of Windows
#
# If you would like to submit a bug report, please visit:
#   http://bugreport.java.com/bugreport/crash.jsp
#

---------------  T H R E A D  ---------------

Current thread (0x0000000016cae000):  JavaThread "C1 CompilerThread2" daemon [_thread_in_vm, id=11728, stack(0x00000000184a0000,0x00000000185a0000)]

Stack: [0x00000000184a0000,0x00000000185a0000]
[error occurred during error reporting (printing stack bounds), id 0xc0000005]

Native frames: (J=compiled Java code, j=interpreted, Vv=VM code, C=native code)


Current CompileTask:
C1:  20504 4223       3       java.util.Formatter$FormatSpecifier::printString (105 bytes)


---------------  P R O C E S S  ---------------

Java Threads: ( => current thread )
  0x000000001cd48800 JavaThread "Memory manager" [_thread_blocked, id=10868, stack(0x0000000022340000,0x0000000022440000)]
  0x00000000199db000 JavaThread "build operations Thread 4" [_thread_blocked, id=13216, stack(0x0000000022240000,0x0000000022340000)]
  0x00000000199d8800 JavaThread "build operations Thread 3" [_thread_blocked, id=15320, stack(0x0000000022140000,0x0000000022240000)]
  0x00000000199d8000 JavaThread "build operations Thread 2" [_thread_blocked, id=12328, stack(0x0000000022040000,0x0000000022140000)]
  0x00000000199da000 JavaThread "build operations" [_thread_blocked, id=7764, stack(0x00000000206a0000,0x00000000207a0000)]
  0x00000000199d6800 JavaThread "Cache worker for Artifact transforms cache (C:\Users\bpradmin\.gradle\caches\transforms-1)" [_thread_blocked, id=14688, stack(0x000000001f400000,0x000000001f500000)]
  0x00000000199d9800 JavaThread "Cache worker for file hash cache (C:\Users\bpradmin\AndroidStudioProjects\etrack\.gradle\4.4\fileHashes)" [_thread_blocked, id=12608, stack(0x000000001bb90000,0x000000001bc90000)]
  0x00000000199dc800 JavaThread "File lock request listener" [_thread_in_native, id=7004, stack(0x000000001ba90000,0x000000001bb90000)]
  0x00000000199db800 JavaThread "Cache worker for file hash cache (C:\Users\bpradmin\.gradle\caches\4.4\fileHashes)" [_thread_blocked, id=10628, stack(0x000000001b990000,0x000000001ba90000)]
  0x0000000019749000 JavaThread "Stdin handler" [_thread_blocked, id=2296, stack(0x000000001b690000,0x000000001b790000)]
  0x0000000019836000 JavaThread "Asynchronous log dispatcher for DefaultDaemonConnection: socket connection from /127.0.0.1:52532 to /127.0.0.1:52533" [_thread_blocked, id=7768, stack(0x000000001b590000,0x000000001b690000)]
  0x0000000019745000 JavaThread "Daemon worker" [_thread_in_native, id=2764, stack(0x000000001b490000,0x000000001b590000)]
  0x0000000019773000 JavaThread "Cancel handler" [_thread_blocked, id=14924, stack(0x000000001b390000,0x000000001b490000)]
  0x0000000018e28800 JavaThread "Handler for socket connection from /127.0.0.1:52532 to /127.0.0.1:52533" [_thread_in_native, id=10272, stack(0x000000001b090000,0x000000001b190000)]
  0x0000000018e25800 JavaThread "Daemon" [_thread_blocked, id=8124, stack(0x000000001af90000,0x000000001b090000)]
  0x0000000018e0f800 JavaThread "Daemon periodic checks" [_thread_blocked, id=1104, stack(0x000000001ae90000,0x000000001af90000)]
  0x00000000191a8000 JavaThread "Incoming local TCP Connector on port 52532" [_thread_in_native, id=13856, stack(0x000000001a9b0000,0x000000001aab0000)]
  0x0000000018694800 JavaThread "Daemon health stats" [_thread_blocked, id=15116, stack(0x000000001a370000,0x000000001a470000)]
  0x00000000185d5000 JavaThread "Service Thread" daemon [_thread_blocked, id=6016, stack(0x00000000189a0000,0x0000000018aa0000)]
=>0x0000000016cae000 JavaThread "C1 CompilerThread2" daemon [_thread_in_vm, id=11728, stack(0x00000000184a0000,0x00000000185a0000)]
  0x0000000016c51800 JavaThread "C2 CompilerThread1" daemon [_thread_in_native, id=11268, stack(0x00000000183a0000,0x00000000184a0000)]
  0x0000000016c4c000 JavaThread "C2 CompilerThread0" daemon [_thread_in_native, id=2720, stack(0x00000000182a0000,0x00000000183a0000)]
  0x0000000016c4a800 JavaThread "Attach Listener" daemon [_thread_blocked, id=8600, stack(0x00000000181a0000,0x00000000182a0000)]
  0x0000000016c49000 JavaThread "Signal Dispatcher" daemon [_thread_blocked, id=11152, stack(0x00000000180a0000,0x00000000181a0000)]
  0x0000000016c3a000 JavaThread "Finalizer" daemon [_thread_blocked, id=7116, stack(0x0000000017eb0000,0x0000000017fb0000)]
  0x000000000456f000 JavaThread "Reference Handler" daemon [_thread_blocked, id=13108, stack(0x0000000017db0000,0x0000000017eb0000)]
  0x000000000435d800 JavaThread "main" [_thread_blocked, id=13424, stack(0x0000000004380000,0x0000000004480000)]

Other Threads:
  0x0000000016c17800 VMThread [stack: 0x0000000017cb0000,0x0000000017db0000] [id=5528]
  0x00000000185db000 WatcherThread [stack: 0x0000000018aa0000,0x0000000018ba0000] [id=11960]

VM state:not at safepoint (normal execution)

VM Mutex/Monitor currently owned by a thread: None

Heap:
 PSYoungGen      total 100864K, used 63386K [0x00000000eab00000, 0x00000000f3b00000, 0x0000000100000000)
  eden space 88576K, 71% used [0x00000000eab00000,0x00000000ee8e6928,0x00000000f0180000)
  from space 12288K, 0% used [0x00000000f0180000,0x00000000f0180000,0x00000000f0d80000)
  to   space 12288K, 0% used [0x00000000f2f00000,0x00000000f2f00000,0x00000000f3b00000)
 ParOldGen       total 89088K, used 16322K [0x00000000c0000000, 0x00000000c5700000, 0x00000000eab00000)
  object space 89088K, 18% used [0x00000000c0000000,0x00000000c0ff0bc8,0x00000000c5700000)
 Metaspace       used 40519K, capacity 41340K, committed 41472K, reserved 1085440K
  class space    used 5562K, capacity 5844K, committed 5888K, reserved 1048576K

Card table byte_map: [0x0000000013940000,0x0000000013b50000] byte_map_base: 0x0000000013340000

Marking Bits: (ParMarkBitMap*) 0x00000000534b0600
 Begin Bits: [0x00000000140b0000, 0x00000000150b0000)
 End Bits:   [0x00000000150b0000, 0x00000000160b0000)

Polling page: 0x0000000002a60000

CodeCache: size=245760Kb used=14035Kb max_used=14037Kb free=231724Kb
 bounds [0x0000000004580000, 0x0000000005350000, 0x0000000013580000]
 total_blobs=4580 nmethods=3852 adapters=639
 compilation: enabled

Compilation events (10 events):
Event: 20.480 Thread 0x0000000016cae000 nmethod 4217 0x000000000533c6d0 code [0x000000000533c840, 0x000000000533ca88]
Event: 20.489 Thread 0x0000000016cae000 4218       3       java.util.EnumMap::entrySet (26 bytes)
Event: 20.490 Thread 0x0000000016cae000 nmethod 4218 0x000000000533bf50 code [0x000000000533c0e0, 0x000000000533c4d0]
Event: 20.490 Thread 0x0000000016cae000 4219       3       com.google.common.collect.Iterables::getOnlyElement (10 bytes)
Event: 20.490 Thread 0x0000000016cae000 nmethod 4219 0x000000000533bad0 code [0x000000000533bc40, 0x000000000533be78]
Event: 20.490 Thread 0x0000000016cae000 4220       3       java.util.EnumMap$EntrySet::iterator (13 bytes)
Event: 20.491 Thread 0x0000000016cae000 nmethod 4220 0x000000000533b350 code [0x000000000533b4e0, 0x000000000533b8b0]
Event: 20.491 Thread 0x0000000016cae000 4221       3       java.util.EnumMap$EntryIterator$Entry::<init> (7 bytes)
Event: 20.491 Thread 0x0000000016cae000 nmethod 4221 0x000000000533aed0 code [0x000000000533b040, 0x000000000533b270]
Event: 20.491 Thread 0x0000000016cae000 4223       3       java.util.Formatter$FormatSpecifier::printString (105 bytes)

GC Heap History (10 events):
Event: 13.236 GC heap before
{Heap before GC invocations=7 (full 1):
 PSYoungGen      total 38400K, used 33280K [0x00000000eab00000, 0x00000000f0100000, 0x0000000100000000)
  eden space 33280K, 100% used [0x00000000eab00000,0x00000000ecb80000,0x00000000ecb80000)
  from space 5120K, 0% used [0x00000000ecb80000,0x00000000ecb80000,0x00000000ed080000)
  to   space 10752K, 0% used [0x00000000ef680000,0x00000000ef680000,0x00000000f0100000)
 ParOldGen       total 57344K, used 8614K [0x00000000c0000000, 0x00000000c3800000, 0x00000000eab00000)
  object space 57344K, 15% used [0x00000000c0000000,0x00000000c0869aa0,0x00000000c3800000)
 Metaspace       used 25813K, capacity 26202K, committed 26496K, reserved 1073152K
  class space    used 3506K, capacity 3658K, committed 3712K, reserved 1048576K
Event: 13.243 GC heap after
Heap after GC invocations=7 (full 1):
 PSYoungGen      total 59904K, used 4976K [0x00000000eab00000, 0x00000000efb80000, 0x0000000100000000)
  eden space 54784K, 0% used [0x00000000eab00000,0x00000000eab00000,0x00000000ee080000)
  from space 5120K, 97% used [0x00000000ef680000,0x00000000efb5c000,0x00000000efb80000)
  to   space 10240K, 0% used [0x00000000ee780000,0x00000000ee780000,0x00000000ef180000)
 ParOldGen       total 57344K, used 8622K [0x00000000c0000000, 0x00000000c3800000, 0x00000000eab00000)
  object space 57344K, 15% used [0x00000000c0000000,0x00000000c086baa0,0x00000000c3800000)
 Metaspace       used 25813K, capacity 26202K, committed 26496K, reserved 1073152K
  class space    used 3506K, capacity 3658K, committed 3712K, reserved 1048576K
}
Event: 14.785 GC heap before
{Heap before GC invocations=8 (full 1):
 PSYoungGen      total 59904K, used 59760K [0x00000000eab00000, 0x00000000efb80000, 0x0000000100000000)
  eden space 54784K, 100% used [0x00000000eab00000,0x00000000ee080000,0x00000000ee080000)
  from space 5120K, 97% used [0x00000000ef680000,0x00000000efb5c000,0x00000000efb80000)
  to   space 10240K, 0% used [0x00000000ee780000,0x00000000ee780000,0x00000000ef180000)
 ParOldGen       total 57344K, used 8622K [0x00000000c0000000, 0x00000000c3800000, 0x00000000eab00000)
  object space 57344K, 15% used [0x00000000c0000000,0x00000000c086baa0,0x00000000c3800000)
 Metaspace       used 29927K, capacity 30558K, committed 30720K, reserved 1075200K
  class space    used 4086K, capacity 4270K, committed 4352K, reserved 1048576K
Event: 14.802 GC heap after
Heap after GC invocations=8 (full 1):
 PSYoungGen      total 72192K, used 7988K [0x00000000eab00000, 0x00000000f1800000, 0x0000000100000000)
  eden space 61952K, 0% used [0x00000000eab00000,0x00000000eab00000,0x00000000ee780000)
  from space 10240K, 78% used [0x00000000ee780000,0x00000000eef4d290,0x00000000ef180000)
  to   space 10752K, 0% used [0x00000000f0d80000,0x00000000f0d80000,0x00000000f1800000)
 ParOldGen       total 57344K, used 8630K [0x00000000c0000000, 0x00000000c3800000, 0x00000000eab00000)
  object space 57344K, 15% used [0x00000000c0000000,0x00000000c086daa0,0x00000000c3800000)
 Metaspace       used 29927K, capacity 30558K, committed 30720K, reserved 1075200K
  class space    used 4086K, capacity 4270K, committed 4352K, reserved 1048576K
}
Event: 17.459 GC heap before
{Heap before GC invocations=9 (full 1):
 PSYoungGen      total 72192K, used 69940K [0x00000000eab00000, 0x00000000f1800000, 0x0000000100000000)
  eden space 61952K, 100% used [0x00000000eab00000,0x00000000ee780000,0x00000000ee780000)
  from space 10240K, 78% used [0x00000000ee780000,0x00000000eef4d290,0x00000000ef180000)
  to   space 10752K, 0% used [0x00000000f0d80000,0x00000000f0d80000,0x00000000f1800000)
 ParOldGen       total 57344K, used 8630K [0x00000000c0000000, 0x00000000c3800000, 0x00000000eab00000)
  object space 57344K, 15% used [0x00000000c0000000,0x00000000c086daa0,0x00000000c3800000)
 Metaspace       used 33394K, capacity 34074K, committed 34176K, reserved 1079296K
  class space    used 4682K, capacity 4908K, committed 4992K, reserved 1048576K
Event: 17.481 GC heap after
Heap after GC invocations=9 (full 1):
 PSYoungGen      total 99328K, used 10741K [0x00000000eab00000, 0x00000000f2600000, 0x0000000100000000)
  eden space 88576K, 0% used [0x00000000eab00000,0x00000000eab00000,0x00000000f0180000)
  from space 10752K, 99% used [0x00000000f0d80000,0x00000000f17fd790,0x00000000f1800000)
  to   space 12288K, 0% used [0x00000000f0180000,0x00000000f0180000,0x00000000f0d80000)
 ParOldGen       total 57344K, used 9772K [0x00000000c0000000, 0x00000000c3800000, 0x00000000eab00000)
  object space 57344K, 17% used [0x00000000c0000000,0x00000000c098b118,0x00000000c3800000)
 Metaspace       used 33394K, capacity 34074K, committed 34176K, reserved 1079296K
  class space    used 4682K, capacity 4908K, committed 4992K, reserved 1048576K
}
Event: 18.937 GC heap before
{Heap before GC invocations=10 (full 1):
 PSYoungGen      total 99328K, used 29834K [0x00000000eab00000, 0x00000000f2600000, 0x0000000100000000)
  eden space 88576K, 21% used [0x00000000eab00000,0x00000000ebda5380,0x00000000f0180000)
  from space 10752K, 99% used [0x00000000f0d80000,0x00000000f17fd790,0x00000000f1800000)
  to   space 12288K, 0% used [0x00000000f0180000,0x00000000f0180000,0x00000000f0d80000)
 ParOldGen       total 57344K, used 9772K [0x00000000c0000000, 0x00000000c3800000, 0x00000000eab00000)
  object space 57344K, 17% used [0x00000000c0000000,0x00000000c098b118,0x00000000c3800000)
 Metaspace       used 34608K, capacity 35450K, committed 35496K, reserved 1079296K
  class space    used 4812K, capacity 5092K, committed 5120K, reserved 1048576K
Event: 18.954 GC heap after
Heap after GC invocations=10 (full 1):
 PSYoungGen      total 100864K, used 7517K [0x00000000eab00000, 0x00000000f3b00000, 0x0000000100000000)
  eden space 88576K, 0% used [0x00000000eab00000,0x00000000eab00000,0x00000000f0180000)
  from space 12288K, 61% used [0x00000000f0180000,0x00000000f08d7708,0x00000000f0d80000)
  to   space 12288K, 0% used [0x00000000f2f00000,0x00000000f2f00000,0x00000000f3b00000)
 ParOldGen       total 57344K, used 12472K [0x00000000c0000000, 0x00000000c3800000, 0x00000000eab00000)
  object space 57344K, 21% used [0x00000000c0000000,0x00000000c0c2e148,0x00000000c3800000)
 Metaspace       used 34608K, capacity 35450K, committed 35496K, reserved 1079296K
  class space    used 4812K, capacity 5092K, committed 5120K, reserved 1048576K
}
Event: 18.954 GC heap before
{Heap before GC invocations=11 (full 2):
 PSYoungGen      total 100864K, used 7517K [0x00000000eab00000, 0x00000000f3b00000, 0x0000000100000000)
  eden space 88576K, 0% used [0x00000000eab00000,0x00000000eab00000,0x00000000f0180000)
  from space 12288K, 61% used [0x00000000f0180000,0x00000000f08d7708,0x00000000f0d80000)
  to   space 12288K, 0% used [0x00000000f2f00000,0x00000000f2f00000,0x00000000f3b00000)
 ParOldGen       total 57344K, used 12472K [0x00000000c0000000, 0x00000000c3800000, 0x00000000eab00000)
  object space 57344K, 21% used [0x00000000c0000000,0x00000000c0c2e148,0x00000000c3800000)
 Metaspace       used 34608K, capacity 35450K, committed 35496K, reserved 1079296K
  class space    used 4812K, capacity 5092K, committed 5120K, reserved 1048576K
Event: 19.093 GC heap after
Heap after GC invocations=11 (full 2):
 PSYoungGen      total 100864K, used 0K [0x00000000eab00000, 0x00000000f3b00000, 0x0000000100000000)
  eden space 88576K, 0% used [0x00000000eab00000,0x00000000eab00000,0x00000000f0180000)
  from space 12288K, 0% used [0x00000000f0180000,0x00000000f0180000,0x00000000f0d80000)
  to   space 12288K, 0% used [0x00000000f2f00000,0x00000000f2f00000,0x00000000f3b00000)
 ParOldGen       total 89088K, used 16322K [0x00000000c0000000, 0x00000000c5700000, 0x00000000eab00000)
  object space 89088K, 18% used [0x00000000c0000000,0x00000000c0ff0bc8,0x00000000c5700000)
 Metaspace       used 34533K, capacity 35230K, committed 35496K, reserved 1079296K
  class space    used 4791K, capacity 5040K, committed 5120K, reserved 1048576K
}

Deoptimization events (10 events):
Event: 19.257 Thread 0x0000000019745000 Uncommon trap: reason=bimorphic action=maybe_recompile pc=0x0000000004f46818 method=java.util.Arrays.binarySearch0([Ljava/lang/Object;IILjava/lang/Object;Ljava/util/Comparator;)I @ 48
Event: 19.257 Thread 0x0000000019745000 Uncommon trap: reason=bimorphic action=maybe_recompile pc=0x0000000004f46818 method=java.util.Arrays.binarySearch0([Ljava/lang/Object;IILjava/lang/Object;Ljava/util/Comparator;)I @ 48
Event: 19.349 Thread 0x0000000019745000 Uncommon trap: reason=unstable_if action=reinterpret pc=0x0000000004b4d2ac method=sun.misc.MetaIndex.mayContain(Ljava/lang/String;)Z @ 38
Event: 19.351 Thread 0x0000000019745000 Uncommon trap: reason=unstable_if action=reinterpret pc=0x00000000050f6d0c method=java.security.CodeSource.hashCode()I @ 4
Event: 19.807 Thread 0x0000000019745000 Uncommon trap: reason=unstable_if action=reinterpret pc=0x0000000004d350b4 method=java.util.concurrent.ConcurrentHashMap.get(Ljava/lang/Object;)Ljava/lang/Object; @ 76
Event: 20.088 Thread 0x0000000019745000 Uncommon trap: reason=unstable_if action=reinterpret pc=0x00000000050813ac method=java.util.HashMap.putVal(ILjava/lang/Object;Ljava/lang/Object;ZZ)Ljava/lang/Object; @ 162
Event: 20.088 Thread 0x0000000019745000 Uncommon trap: reason=unstable_if action=reinterpret pc=0x000000000507b8e8 method=java.util.HashMap.putVal(ILjava/lang/Object;Ljava/lang/Object;ZZ)Ljava/lang/Object; @ 162
Event: 20.089 Thread 0x0000000019745000 Uncommon trap: reason=unstable_if action=reinterpret pc=0x00000000048309d0 method=java.util.HashMap.resize()[Ljava/util/HashMap$Node; @ 206
Event: 20.348 Thread 0x0000000019745000 Uncommon trap: reason=unstable_if action=reinterpret pc=0x00000000052b9f78 method=java.lang.reflect.Modifier.toString(I)Ljava/lang/String; @ 123
Event: 20.348 Thread 0x0000000019745000 Uncommon trap: reason=unstable_if action=reinterpret pc=0x00000000052ea1e8 method=java.lang.reflect.Modifier.toString(I)Ljava/lang/String; @ 123

Internal exceptions (10 events):
Event: 18.488 Thread 0x0000000019745000 Exception <a 'java/security/PrivilegedActionException'> (0x00000000eb4f5570) thrown at [D:\re\workspace\8-2-build-windows-amd64-cygwin\jdk8u77\6540\hotspot\src\share\vm\prims\jvm.cpp, line 1386]
Event: 18.492 Thread 0x0000000019745000 Exception <a 'java/security/PrivilegedActionException'> (0x00000000eb516d28) thrown at [D:\re\workspace\8-2-build-windows-amd64-cygwin\jdk8u77\6540\hotspot\src\share\vm\prims\jvm.cpp, line 1386]
Event: 18.492 Thread 0x0000000019745000 Exception <a 'java/security/PrivilegedActionException'> (0x00000000eb5178c0) thrown at [D:\re\workspace\8-2-build-windows-amd64-cygwin\jdk8u77\6540\hotspot\src\share\vm\prims\jvm.cpp, line 1386]
Event: 18.492 Thread 0x0000000019745000 Exception <a 'java/security/PrivilegedActionException'> (0x00000000eb51a318) thrown at [D:\re\workspace\8-2-build-windows-amd64-cygwin\jdk8u77\6540\hotspot\src\share\vm\prims\jvm.cpp, line 1386]
Event: 18.492 Thread 0x0000000019745000 Exception <a 'java/security/PrivilegedActionException'> (0x00000000eb51aeb0) thrown at [D:\re\workspace\8-2-build-windows-amd64-cygwin\jdk8u77\6540\hotspot\src\share\vm\prims\jvm.cpp, line 1386]
Event: 18.492 Thread 0x0000000019745000 Exception <a 'java/security/PrivilegedActionException'> (0x00000000eb51dd58) thrown at [D:\re\workspace\8-2-build-windows-amd64-cygwin\jdk8u77\6540\hotspot\src\share\vm\prims\jvm.cpp, line 1386]
Event: 18.492 Thread 0x0000000019745000 Exception <a 'java/security/PrivilegedActionException'> (0x00000000eb51e8f0) thrown at [D:\re\workspace\8-2-build-windows-amd64-cygwin\jdk8u77\6540\hotspot\src\share\vm\prims\jvm.cpp, line 1386]
Event: 18.750 Thread 0x0000000019745000 Exception <a 'java/lang/ClassNotFoundException': build_34gmibvf2wu4m8aqupz2gui80BeanInfo> (0x00000000eb8305e8) thrown at [D:\re\workspace\8-2-build-windows-amd64-cygwin\jdk8u77\6540\hotspot\src\share\vm\classfile\systemDictionary.cpp, line 210]
Event: 18.750 Thread 0x0000000019745000 Exception <a 'java/lang/ClassNotFoundException': build_34gmibvf2wu4m8aqupz2gui80Customizer> (0x00000000eb83aaf8) thrown at [D:\re\workspace\8-2-build-windows-amd64-cygwin\jdk8u77\6540\hotspot\src\share\vm\classfile\systemDictionary.cpp, line 210]
Event: 19.350 Thread 0x0000000019745000 Implicit null exception at 0x00000000050f6a15 to 0x00000000050f6cfd

Events (10 events):
Event: 20.417 loading class org/apache/tools/ant/types/FilterSet$Filter
Event: 20.417 loading class org/apache/tools/ant/types/FilterSet$Filter done
Event: 20.418 loading class org/apache/tools/ant/types/Reference
Event: 20.418 loading class org/apache/tools/ant/types/Reference done
Event: 20.419 loading class org/apache/tools/ant/Location
Event: 20.419 loading class org/apache/tools/ant/Location done
Event: 20.430 loading class org/apache/tools/ant/input/InputRequest
Event: 20.430 loading class org/apache/tools/ant/input/InputRequest done
Event: 20.448 loading class org/apache/tools/ant/taskdefs/condition/Condition
Event: 20.448 loading class org/apache/tools/ant/taskdefs/condition/Condition done


Dynamic libraries:
0x00007ff741aa0000 - 0x00007ff741ad7000 	C:\Program Files\Java\jdk1.8.0_77\bin\java.exe
0x00007ffa891b0000 - 0x00007ffa89390000 	C:\WINDOWS\SYSTEM32\ntdll.dll
0x00007ffa871d0000 - 0x00007ffa8727e000 	C:\WINDOWS\System32\KERNEL32.DLL
0x00007ffa86410000 - 0x00007ffa86676000 	C:\WINDOWS\System32\KERNELBASE.dll
0x00007ffa88900000 - 0x00007ffa889a1000 	C:\WINDOWS\System32\ADVAPI32.dll
0x00007ffa88af0000 - 0x00007ffa88b8d000 	C:\WINDOWS\System32\msvcrt.dll
0x00007ffa888a0000 - 0x00007ffa888fb000 	C:\WINDOWS\System32\sechost.dll
0x00007ffa86b00000 - 0x00007ffa86c1f000 	C:\WINDOWS\System32\RPCRT4.dll
0x00007ffa86f30000 - 0x00007ffa870bf000 	C:\WINDOWS\System32\USER32.dll
0x00007ffa863f0000 - 0x00007ffa86410000 	C:\WINDOWS\System32\win32u.dll
0x00007ffa88870000 - 0x00007ffa88898000 	C:\WINDOWS\System32\GDI32.dll
0x00007ffa86200000 - 0x00007ffa86393000 	C:\WINDOWS\System32\gdi32full.dll
0x00007ffa85fd0000 - 0x00007ffa8606b000 	C:\WINDOWS\System32\msvcp_win.dll
0x00007ffa85ed0000 - 0x00007ffa85fc6000 	C:\WINDOWS\System32\ucrtbase.dll
0x00007ffa6f9b0000 - 0x00007ffa6fc19000 	C:\WINDOWS\WinSxS\amd64_microsoft.windows.common-controls_6595b64144ccf1df_6.0.16299.248_none_15ced204935f55d7\COMCTL32.dll
0x00007ffa86c20000 - 0x00007ffa86f28000 	C:\WINDOWS\System32\combase.dll
0x00007ffa86180000 - 0x00007ffa861f2000 	C:\WINDOWS\System32\bcryptPrimitives.dll
0x00007ffa86ab0000 - 0x00007ffa86add000 	C:\WINDOWS\System32\IMM32.DLL
0x0000000053530000 - 0x0000000053602000 	C:\Program Files\Java\jdk1.8.0_77\jre\bin\msvcr100.dll
0x0000000052ca0000 - 0x0000000053530000 	C:\Program Files\Java\jdk1.8.0_77\jre\bin\server\jvm.dll
0x00007ffa886c0000 - 0x00007ffa886c8000 	C:\WINDOWS\System32\PSAPI.DLL
0x00007ffa833a0000 - 0x00007ffa833c3000 	C:\WINDOWS\SYSTEM32\WINMM.dll
0x00007ffa6e010000 - 0x00007ffa6e019000 	C:\WINDOWS\SYSTEM32\WSOCK32.dll
0x00007ffa889b0000 - 0x00007ffa88a1c000 	C:\WINDOWS\System32\WS2_32.dll
0x00007ffa77590000 - 0x00007ffa7759a000 	C:\WINDOWS\SYSTEM32\VERSION.dll
0x00007ffa83340000 - 0x00007ffa8336a000 	C:\WINDOWS\SYSTEM32\winmmbase.dll
0x00007ffa863a0000 - 0x00007ffa863ea000 	C:\WINDOWS\System32\cfgmgr32.dll
0x0000000052c90000 - 0x0000000052c9f000 	C:\Program Files\Java\jdk1.8.0_77\jre\bin\verify.dll
0x0000000052c60000 - 0x0000000052c89000 	C:\Program Files\Java\jdk1.8.0_77\jre\bin\java.dll
0x0000000052c40000 - 0x0000000052c56000 	C:\Program Files\Java\jdk1.8.0_77\jre\bin\zip.dll
0x00007ffa87280000 - 0x00007ffa886b6000 	C:\WINDOWS\System32\SHELL32.dll
0x00007ffa88740000 - 0x00007ffa887e6000 	C:\WINDOWS\System32\shcore.dll
0x00007ffa855b0000 - 0x00007ffa85cf7000 	C:\WINDOWS\System32\windows.storage.dll
0x00007ffa870d0000 - 0x00007ffa87121000 	C:\WINDOWS\System32\shlwapi.dll
0x00007ffa85570000 - 0x00007ffa85581000 	C:\WINDOWS\System32\kernel.appcore.dll
0x00007ffa85520000 - 0x00007ffa8556c000 	C:\WINDOWS\System32\powrprof.dll
0x00007ffa85590000 - 0x00007ffa855ab000 	C:\WINDOWS\System32\profapi.dll
0x0000000052c20000 - 0x0000000052c3a000 	C:\Program Files\Java\jdk1.8.0_77\jre\bin\net.dll
0x00007ffa84d90000 - 0x00007ffa84df6000 	C:\WINDOWS\system32\mswsock.dll
0x0000000052c00000 - 0x0000000052c11000 	C:\Program Files\Java\jdk1.8.0_77\jre\bin\nio.dll
0x00007ffa7d190000 - 0x00007ffa7d1ae000 	C:\Users\bpradmin\.gradle\native\25\windows-amd64\native-platform.dll
0x0000000052bc0000 - 0x0000000052bcd000 	C:\Program Files\Java\jdk1.8.0_77\jre\bin\management.dll
0x00007ffa84f50000 - 0x00007ffa84f67000 	C:\WINDOWS\SYSTEM32\CRYPTSP.dll
0x00007ffa849a0000 - 0x00007ffa849d3000 	C:\WINDOWS\system32\rsaenh.dll
0x00007ffa85060000 - 0x00007ffa85085000 	C:\WINDOWS\SYSTEM32\bcrypt.dll
0x00007ffa85430000 - 0x00007ffa85459000 	C:\WINDOWS\SYSTEM32\USERENV.dll
0x00007ffa84f70000 - 0x00007ffa84f7b000 	C:\WINDOWS\SYSTEM32\CRYPTBASE.dll
0x00007ffa84b20000 - 0x00007ffa84b59000 	C:\WINDOWS\SYSTEM32\IPHLPAPI.DLL
0x00007ffa870c0000 - 0x00007ffa870c8000 	C:\WINDOWS\System32\NSI.dll
0x00007ffa7e900000 - 0x00007ffa7e916000 	C:\WINDOWS\SYSTEM32\dhcpcsvc6.DLL
0x00007ffa7e940000 - 0x00007ffa7e95a000 	C:\WINDOWS\SYSTEM32\dhcpcsvc.DLL

VM Arguments:
jvm_args: -XX:+HeapDumpOnOutOfMemoryError -Xmx1024m -Dfile.encoding=windows-1252 -Duser.country=US -Duser.language=en -Duser.variant 
java_command: org.gradle.launcher.daemon.bootstrap.GradleDaemon 4.4
java_class_path (initial): C:\Users\bpradmin\.gradle\wrapper\dists\gradle-4.4-all\9br9xq1tocpiv8o6njlyu5op1\gradle-4.4\lib\gradle-launcher-4.4.jar
Launcher Type: SUN_STANDARD

Environment Variables:
PATH=C:\Program Files (x86)\Common Files\Oracle\Java\javapath;C:\app\bpradmin\virtual\product\12.2.0\dbhome_1\bin;C:\Program Files\Java\jdk1.6.0_45\bin;C:\ProgramData\Oracle\Java\javapath;C:\WINDOWS\system32;C:\WINDOWS;C:\WINDOWS\System32\Wbem;C:\WINDOWS\System32\WindowsPowerShell\v1.0\;C:\Program Files\Java\jdk1.8.0_77\bin;C:\Program Files (x86)\Intel\OpenCL SDK\2.0\bin\x86;C:\Program Files (x86)\Intel\OpenCL SDK\2.0\bin\x64;C:\Program Files (x86)\EgisTec Port Locker\x64;C:\Program Files (x86)\EgisTec Port Locker\;C:\xampp\php;C:\play;C:\ProgramData\ComposerSetup\bin;C:\Program Files (x86)\Git\cmd;C:\Program Files\PuTTY\;C:\Program Files\Java\jdk1.6.0_45\bin;C:\Program Files\Java\jdk1.8.0_77\bin;C:\play;C:\Users\bpradmin\AppData\Roaming\Composer\vendor\bin;C:\xampp\php;%USERPROFILE%\AppData\Local\Microsoft\WindowsApps;
USERNAME=bpradmin
OS=Windows_NT
PROCESSOR_IDENTIFIER=Intel64 Family 6 Model 42 Stepping 7, GenuineIntel



---------------  S Y S T E M  ---------------

OS: Windows 10.0 , 64 bit Build 16299 (10.0.16299.15)

CPU:total 4 (2 cores per cpu, 2 threads per core) family 6 model 42 stepping 7, cmov, cx8, fxsr, mmx, sse, sse2, sse3, ssse3, sse4.1, sse4.2, popcnt, avx, clmul, ht, tsc, tscinvbit

Memory: 4k page, physical 8321396k(1807972k free), swap 14046744k(3291360k free)

vm_info: Java HotSpot(TM) 64-Bit Server VM (25.77-b03) for windows-amd64 JRE (1.8.0_77-b03), built on Mar 20 2016 22:01:33 by "java_re" with MS VC++ 10.0 (VS2010)

time: Mon Jul 02 22:33:56 2018
elapsed time: 20 seconds (0d 0h 0m 20s)

