#
# A fatal error has been detected by the Java Runtime Environment:
#
#  Internal Error (signature.cpp:308), pid=6440, tid=3836
#  Error: ShouldNotReachHere()
#
# JRE version: Java(TM) SE Runtime Environment (8.0_77-b03) (build 1.8.0_77-b03)
# Java VM: Java HotSpot(TM) 64-Bit Server VM (25.77-b03 mixed mode windows-amd64 compressed oops)
# Failed to write core dump. Minidumps are not enabled by default on client versions of Windows
#
# If you would like to submit a bug report, please visit:
#   http://bugreport.java.com/bugreport/crash.jsp
#

---------------  T H R E A D  ---------------

Current thread (0x0000000016fc7000):  JavaThread "C1 CompilerThread2" daemon [_thread_in_vm, id=3836, stack(0x0000000018810000,0x0000000018910000)]

Stack: [0x0000000018810000,0x0000000018910000]
[error occurred during error reporting (printing stack bounds), id 0xc0000005]

Native frames: (J=compiled Java code, j=interpreted, Vv=VM code, C=native code)


Current CompileTask:
C1:  11335 4001       3       java.util.Formatter$FormatSpecifier::printString (105 bytes)


---------------  P R O C E S S  ---------------

Java Threads: ( => current thread )
  0x000000001d16b800 JavaThread "Memory manager" [_thread_blocked, id=6104, stack(0x0000000022ad0000,0x0000000022bd0000)]
  0x000000001a382000 JavaThread "build operations Thread 4" [_thread_blocked, id=15192, stack(0x0000000021400000,0x0000000021500000)]
  0x000000001a388000 JavaThread "build operations Thread 3" [_thread_blocked, id=5364, stack(0x0000000021300000,0x0000000021400000)]
  0x000000001a381800 JavaThread "build operations Thread 2" [_thread_blocked, id=5192, stack(0x0000000021200000,0x0000000021300000)]
  0x000000001a384800 JavaThread "build operations" [_thread_blocked, id=7120, stack(0x0000000021100000,0x0000000021200000)]
  0x000000001a383800 JavaThread "Cache worker for Artifact transforms cache (C:\Users\bpradmin\.gradle\caches\transforms-1)" [_thread_blocked, id=12456, stack(0x000000001f650000,0x000000001f750000)]
  0x000000001a386800 JavaThread "Cache worker for file hash cache (C:\Users\bpradmin\AndroidStudioProjects\etrack\.gradle\4.4\fileHashes)" [_thread_blocked, id=11472, stack(0x000000001ced0000,0x000000001cfd0000)]
  0x000000001a386000 JavaThread "File lock request listener" [_thread_in_native, id=14264, stack(0x000000001cdd0000,0x000000001ced0000)]
  0x000000001a387800 JavaThread "Cache worker for file hash cache (C:\Users\bpradmin\.gradle\caches\4.4\fileHashes)" [_thread_blocked, id=14292, stack(0x000000001ccd0000,0x000000001cdd0000)]
  0x0000000019ecf800 JavaThread "Stdin handler" [_thread_blocked, id=15048, stack(0x000000001ba00000,0x000000001bb00000)]
  0x0000000019ecd800 JavaThread "Asynchronous log dispatcher for DefaultDaemonConnection: socket connection from /127.0.0.1:53441 to /127.0.0.1:53442" [_thread_blocked, id=14332, stack(0x000000001b900000,0x000000001ba00000)]
  0x0000000019efc000 JavaThread "Daemon worker" [_thread_in_Java, id=11480, stack(0x000000001b800000,0x000000001b900000)]
  0x0000000019eba800 JavaThread "Cancel handler" [_thread_blocked, id=12904, stack(0x000000001b700000,0x000000001b800000)]
  0x0000000019fae800 JavaThread "Handler for socket connection from /127.0.0.1:53441 to /127.0.0.1:53442" [_thread_in_native, id=4808, stack(0x000000001b400000,0x000000001b500000)]
  0x0000000019fa5800 JavaThread "Daemon" [_thread_blocked, id=15088, stack(0x000000001b300000,0x000000001b400000)]
  0x0000000019e1d800 JavaThread "Daemon periodic checks" [_thread_blocked, id=13592, stack(0x000000001b200000,0x000000001b300000)]
  0x0000000019fb0800 JavaThread "Incoming local TCP Connector on port 53441" [_thread_in_native, id=13276, stack(0x000000001ad20000,0x000000001ae20000)]
  0x0000000019c84000 JavaThread "Daemon health stats" [_thread_blocked, id=8232, stack(0x000000001a6e0000,0x000000001a7e0000)]
  0x0000000018950000 JavaThread "Service Thread" daemon [_thread_blocked, id=5540, stack(0x0000000018d10000,0x0000000018e10000)]
=>0x0000000016fc7000 JavaThread "C1 CompilerThread2" daemon [_thread_in_vm, id=3836, stack(0x0000000018810000,0x0000000018910000)]
  0x0000000016fc4000 JavaThread "C2 CompilerThread1" daemon [_thread_in_native, id=8872, stack(0x0000000018710000,0x0000000018810000)]
  0x0000000016fbe000 JavaThread "C2 CompilerThread0" daemon [_thread_in_native, id=5780, stack(0x0000000018610000,0x0000000018710000)]
  0x0000000016fbc800 JavaThread "Attach Listener" daemon [_thread_blocked, id=6612, stack(0x0000000018510000,0x0000000018610000)]
  0x0000000016fbb000 JavaThread "Signal Dispatcher" daemon [_thread_blocked, id=15052, stack(0x0000000018410000,0x0000000018510000)]
  0x0000000016faa800 JavaThread "Finalizer" daemon [_thread_blocked, id=11924, stack(0x0000000018220000,0x0000000018320000)]
  0x00000000048df000 JavaThread "Reference Handler" daemon [_thread_blocked, id=11632, stack(0x0000000018120000,0x0000000018220000)]
  0x00000000047ed800 JavaThread "main" [_thread_blocked, id=1108, stack(0x0000000004670000,0x0000000004770000)]

Other Threads:
  0x0000000016f87800 VMThread [stack: 0x0000000018020000,0x0000000018120000] [id=10940]
  0x0000000018967800 WatcherThread [stack: 0x0000000018e10000,0x0000000018f10000] [id=8808]

VM state:not at safepoint (normal execution)

VM Mutex/Monitor currently owned by a thread: None

Heap:
 PSYoungGen      total 164864K, used 63670K [0x00000000eab00000, 0x00000000fb900000, 0x0000000100000000)
  eden space 151552K, 42% used [0x00000000eab00000,0x00000000ee92da40,0x00000000f3f00000)
  from space 13312K, 0% used [0x00000000f4c00000,0x00000000f4c00000,0x00000000f5900000)
  to   space 13312K, 0% used [0x00000000f3f00000,0x00000000f3f00000,0x00000000f4c00000)
 ParOldGen       total 75264K, used 15189K [0x00000000c0000000, 0x00000000c4980000, 0x00000000eab00000)
  object space 75264K, 20% used [0x00000000c0000000,0x00000000c0ed56c0,0x00000000c4980000)
 Metaspace       used 39962K, capacity 40788K, committed 41216K, reserved 1085440K
  class space    used 5540K, capacity 5812K, committed 5888K, reserved 1048576K

Card table byte_map: [0x0000000013cb0000,0x0000000013ec0000] byte_map_base: 0x00000000136b0000

Marking Bits: (ParMarkBitMap*) 0x00000000534b0600
 Begin Bits: [0x0000000014420000, 0x0000000015420000)
 End Bits:   [0x0000000015420000, 0x0000000016420000)

Polling page: 0x0000000002a10000

CodeCache: size=245760Kb used=12062Kb max_used=12064Kb free=233697Kb
 bounds [0x00000000048f0000, 0x00000000054d0000, 0x00000000138f0000]
 total_blobs=4350 nmethods=3622 adapters=639
 compilation: enabled

Compilation events (10 events):
Event: 11.308 Thread 0x0000000016fc7000 nmethod 3993 0x00000000054b4c50 code [0x00000000054b4da0, 0x00000000054b4eb0]
Event: 11.310 Thread 0x0000000016fc7000 3995       3       com.google.common.collect.SingletonImmutableBiMap::createKeySet (8 bytes)
Event: 11.310 Thread 0x0000000016fc7000 nmethod 3995 0x00000000054b41d0 code [0x00000000054b4380, 0x00000000054b48c8]
Event: 11.313 Thread 0x0000000016fc7000 3996       3       org.gradle.model.internal.manage.schema.extract.PropertyAccessorExtractionContext::<init> (67 bytes)
Event: 11.315 Thread 0x0000000016fc7000 nmethod 3996 0x00000000054ba790 code [0x00000000054ba9e0, 0x00000000054bb768]
Event: 11.315 Thread 0x0000000016fc7000 3999       3       org.gradle.model.internal.manage.schema.extract.PropertyAccessorExtractionContext::collectAnnotations (106 bytes)
Event: 11.316 Thread 0x0000000016fc4000 nmethod 3981 0x00000000054b80d0 code [0x00000000054b8240, 0x00000000054b8648]
Event: 11.316 Thread 0x0000000016fc4000 3905       4       java.lang.reflect.Method::specificToStringHeader (44 bytes)
Event: 11.317 Thread 0x0000000016fc7000 nmethod 3999 0x00000000054c53d0 code [0x00000000054c56c0, 0x00000000054c6d78]
Event: 11.317 Thread 0x0000000016fc7000 4001       3       java.util.Formatter$FormatSpecifier::printString (105 bytes)

GC Heap History (10 events):
Event: 4.810 GC heap before
{Heap before GC invocations=6 (full 1):
 PSYoungGen      total 71680K, used 5104K [0x00000000eab00000, 0x00000000f4100000, 0x0000000100000000)
  eden space 66560K, 0% used [0x00000000eab00000,0x00000000eab00000,0x00000000eec00000)
  from space 5120K, 99% used [0x00000000eec00000,0x00000000ef0fc060,0x00000000ef100000)
  to   space 10240K, 0% used [0x00000000f3700000,0x00000000f3700000,0x00000000f4100000)
 ParOldGen       total 87552K, used 8028K [0x00000000c0000000, 0x00000000c5580000, 0x00000000eab00000)
  object space 87552K, 9% used [0x00000000c0000000,0x00000000c07d7100,0x00000000c5580000)
 Metaspace       used 20778K, capacity 21154K, committed 21296K, reserved 1067008K
  class space    used 2970K, capacity 3132K, committed 3200K, reserved 1048576K
Event: 4.902 GC heap after
Heap after GC invocations=6 (full 1):
 PSYoungGen      total 71680K, used 0K [0x00000000eab00000, 0x00000000f4100000, 0x0000000100000000)
  eden space 66560K, 0% used [0x00000000eab00000,0x00000000eab00000,0x00000000eec00000)
  from space 5120K, 0% used [0x00000000eec00000,0x00000000eec00000,0x00000000ef100000)
  to   space 10240K, 0% used [0x00000000f3700000,0x00000000f3700000,0x00000000f4100000)
 ParOldGen       total 60416K, used 8002K [0x00000000c0000000, 0x00000000c3b00000, 0x00000000eab00000)
  object space 60416K, 13% used [0x00000000c0000000,0x00000000c07d0bb0,0x00000000c3b00000)
 Metaspace       used 20778K, capacity 21154K, committed 21296K, reserved 1067008K
  class space    used 2970K, capacity 3132K, committed 3200K, reserved 1048576K
}
Event: 6.809 GC heap before
{Heap before GC invocations=7 (full 1):
 PSYoungGen      total 71680K, used 66560K [0x00000000eab00000, 0x00000000f4100000, 0x0000000100000000)
  eden space 66560K, 100% used [0x00000000eab00000,0x00000000eec00000,0x00000000eec00000)
  from space 5120K, 0% used [0x00000000eec00000,0x00000000eec00000,0x00000000ef100000)
  to   space 10240K, 0% used [0x00000000f3700000,0x00000000f3700000,0x00000000f4100000)
 ParOldGen       total 60416K, used 8002K [0x00000000c0000000, 0x00000000c3b00000, 0x00000000eab00000)
  object space 60416K, 13% used [0x00000000c0000000,0x00000000c07d0bb0,0x00000000c3b00000)
 Metaspace       used 26557K, capacity 26994K, committed 27264K, reserved 1073152K
  class space    used 3740K, capacity 3898K, committed 3968K, reserved 1048576K
Event: 6.829 GC heap after
Heap after GC invocations=7 (full 1):
 PSYoungGen      total 108544K, used 6815K [0x00000000eab00000, 0x00000000f3e00000, 0x0000000100000000)
  eden space 101376K, 0% used [0x00000000eab00000,0x00000000eab00000,0x00000000f0e00000)
  from space 7168K, 95% used [0x00000000f3700000,0x00000000f3da7e60,0x00000000f3e00000)
  to   space 9728K, 0% used [0x00000000f2b00000,0x00000000f2b00000,0x00000000f3480000)
 ParOldGen       total 60416K, used 8010K [0x00000000c0000000, 0x00000000c3b00000, 0x00000000eab00000)
  object space 60416K, 13% used [0x00000000c0000000,0x00000000c07d2bb0,0x00000000c3b00000)
 Metaspace       used 26557K, capacity 26994K, committed 27264K, reserved 1073152K
  class space    used 3740K, capacity 3898K, committed 3968K, reserved 1048576K
}
Event: 9.717 GC heap before
{Heap before GC invocations=8 (full 1):
 PSYoungGen      total 108544K, used 108191K [0x00000000eab00000, 0x00000000f3e00000, 0x0000000100000000)
  eden space 101376K, 100% used [0x00000000eab00000,0x00000000f0e00000,0x00000000f0e00000)
  from space 7168K, 95% used [0x00000000f3700000,0x00000000f3da7e60,0x00000000f3e00000)
  to   space 9728K, 0% used [0x00000000f2b00000,0x00000000f2b00000,0x00000000f3480000)
 ParOldGen       total 60416K, used 8010K [0x00000000c0000000, 0x00000000c3b00000, 0x00000000eab00000)
  object space 60416K, 13% used [0x00000000c0000000,0x00000000c07d2bb0,0x00000000c3b00000)
 Metaspace       used 34532K, capacity 35328K, committed 35496K, reserved 1079296K
  class space    used 4847K, capacity 5057K, committed 5120K, reserved 1048576K
Event: 9.752 GC heap after
Heap after GC invocations=8 (full 1):
 PSYoungGen      total 140800K, used 9716K [0x00000000eab00000, 0x00000000f5900000, 0x0000000100000000)
  eden space 131072K, 0% used [0x00000000eab00000,0x00000000eab00000,0x00000000f2b00000)
  from space 9728K, 99% used [0x00000000f2b00000,0x00000000f347d088,0x00000000f3480000)
  to   space 13312K, 0% used [0x00000000f4c00000,0x00000000f4c00000,0x00000000f5900000)
 ParOldGen       total 60416K, used 13318K [0x00000000c0000000, 0x00000000c3b00000, 0x00000000eab00000)
  object space 60416K, 22% used [0x00000000c0000000,0x00000000c0d01818,0x00000000c3b00000)
 Metaspace       used 34532K, capacity 35328K, committed 35496K, reserved 1079296K
  class space    used 4847K, capacity 5057K, committed 5120K, reserved 1048576K
}
Event: 9.764 GC heap before
{Heap before GC invocations=9 (full 1):
 PSYoungGen      total 140800K, used 11977K [0x00000000eab00000, 0x00000000f5900000, 0x0000000100000000)
  eden space 131072K, 1% used [0x00000000eab00000,0x00000000ead356c0,0x00000000f2b00000)
  from space 9728K, 99% used [0x00000000f2b00000,0x00000000f347d088,0x00000000f3480000)
  to   space 13312K, 0% used [0x00000000f4c00000,0x00000000f4c00000,0x00000000f5900000)
 ParOldGen       total 60416K, used 13318K [0x00000000c0000000, 0x00000000c3b00000, 0x00000000eab00000)
  object space 60416K, 22% used [0x00000000c0000000,0x00000000c0d01818,0x00000000c3b00000)
 Metaspace       used 34564K, capacity 35328K, committed 35496K, reserved 1079296K
  class space    used 4850K, capacity 5057K, committed 5120K, reserved 1048576K
Event: 9.787 GC heap after
Heap after GC invocations=9 (full 1):
 PSYoungGen      total 164864K, used 8808K [0x00000000eab00000, 0x00000000fb900000, 0x0000000100000000)
  eden space 151552K, 0% used [0x00000000eab00000,0x00000000eab00000,0x00000000f3f00000)
  from space 13312K, 66% used [0x00000000f4c00000,0x00000000f549a258,0x00000000f5900000)
  to   space 13312K, 0% used [0x00000000f3f00000,0x00000000f3f00000,0x00000000f4c00000)
 ParOldGen       total 60416K, used 13318K [0x00000000c0000000, 0x00000000c3b00000, 0x00000000eab00000)
  object space 60416K, 22% used [0x00000000c0000000,0x00000000c0d01818,0x00000000c3b00000)
 Metaspace       used 34564K, capacity 35328K, committed 35496K, reserved 1079296K
  class space    used 4850K, capacity 5057K, committed 5120K, reserved 1048576K
}
Event: 9.787 GC heap before
{Heap before GC invocations=10 (full 2):
 PSYoungGen      total 164864K, used 8808K [0x00000000eab00000, 0x00000000fb900000, 0x0000000100000000)
  eden space 151552K, 0% used [0x00000000eab00000,0x00000000eab00000,0x00000000f3f00000)
  from space 13312K, 66% used [0x00000000f4c00000,0x00000000f549a258,0x00000000f5900000)
  to   space 13312K, 0% used [0x00000000f3f00000,0x00000000f3f00000,0x00000000f4c00000)
 ParOldGen       total 60416K, used 13318K [0x00000000c0000000, 0x00000000c3b00000, 0x00000000eab00000)
  object space 60416K, 22% used [0x00000000c0000000,0x00000000c0d01818,0x00000000c3b00000)
 Metaspace       used 34564K, capacity 35328K, committed 35496K, reserved 1079296K
  class space    used 4850K, capacity 5057K, committed 5120K, reserved 1048576K
Event: 9.948 GC heap after
Heap after GC invocations=10 (full 2):
 PSYoungGen      total 164864K, used 0K [0x00000000eab00000, 0x00000000fb900000, 0x0000000100000000)
  eden space 151552K, 0% used [0x00000000eab00000,0x00000000eab00000,0x00000000f3f00000)
  from space 13312K, 0% used [0x00000000f4c00000,0x00000000f4c00000,0x00000000f5900000)
  to   space 13312K, 0% used [0x00000000f3f00000,0x00000000f3f00000,0x00000000f4c00000)
 ParOldGen       total 75264K, used 15189K [0x00000000c0000000, 0x00000000c4980000, 0x00000000eab00000)
  object space 75264K, 20% used [0x00000000c0000000,0x00000000c0ed56c0,0x00000000c4980000)
 Metaspace       used 34541K, capacity 35240K, committed 35496K, reserved 1079296K
  class space    used 4843K, capacity 5049K, committed 5120K, reserved 1048576K
}

Deoptimization events (10 events):
Event: 10.029 Thread 0x0000000019efc000 Uncommon trap: reason=bimorphic action=maybe_recompile pc=0x00000000052202e4 method=java.util.Arrays.binarySearch0([Ljava/lang/Object;IILjava/lang/Object;Ljava/util/Comparator;)I @ 48
Event: 10.105 Thread 0x0000000019efc000 Uncommon trap: reason=unstable_if action=reinterpret pc=0x0000000004e8d0b8 method=sun.misc.MetaIndex.mayContain(Ljava/lang/String;)Z @ 38
Event: 10.107 Thread 0x0000000019efc000 Uncommon trap: reason=unstable_if action=reinterpret pc=0x00000000053a6e8c method=java.security.CodeSource.hashCode()I @ 4
Event: 10.603 Thread 0x0000000019efc000 Uncommon trap: reason=unstable_if action=reinterpret pc=0x00000000051d0108 method=java.util.Properties$LineReader.readLine()I @ 37
Event: 10.642 Thread 0x0000000019efc000 Uncommon trap: reason=unstable_if action=reinterpret pc=0x000000000516aa34 method=java.util.concurrent.ConcurrentHashMap.get(Ljava/lang/Object;)Ljava/lang/Object; @ 76
Event: 11.005 Thread 0x0000000019efc000 Uncommon trap: reason=unstable_if action=reinterpret pc=0x0000000005302ff8 method=java.util.HashMap.putVal(ILjava/lang/Object;Ljava/lang/Object;ZZ)Ljava/lang/Object; @ 162
Event: 11.006 Thread 0x0000000019efc000 Uncommon trap: reason=unstable_if action=reinterpret pc=0x0000000005300528 method=java.util.HashMap.putVal(ILjava/lang/Object;Ljava/lang/Object;ZZ)Ljava/lang/Object; @ 162
Event: 11.006 Thread 0x0000000019efc000 Uncommon trap: reason=unstable_if action=reinterpret pc=0x0000000004d4fd00 method=java.util.HashMap.resize()[Ljava/util/HashMap$Node; @ 206
Event: 11.210 Thread 0x0000000019efc000 Uncommon trap: reason=unstable_if action=reinterpret pc=0x00000000054521e4 method=java.lang.reflect.Modifier.toString(I)Ljava/lang/String; @ 123
Event: 11.211 Thread 0x0000000019efc000 Uncommon trap: reason=unstable_if action=reinterpret pc=0x000000000547338c method=java.lang.reflect.Modifier.toString(I)Ljava/lang/String; @ 123

Internal exceptions (10 events):
Event: 9.165 Thread 0x0000000019efc000 Exception <a 'java/security/PrivilegedActionException'> (0x00000000efd5ad00) thrown at [D:\re\workspace\8-2-build-windows-amd64-cygwin\jdk8u77\6540\hotspot\src\share\vm\prims\jvm.cpp, line 1386]
Event: 9.168 Thread 0x0000000019efc000 Exception <a 'java/security/PrivilegedActionException'> (0x00000000efd7c4b8) thrown at [D:\re\workspace\8-2-build-windows-amd64-cygwin\jdk8u77\6540\hotspot\src\share\vm\prims\jvm.cpp, line 1386]
Event: 9.168 Thread 0x0000000019efc000 Exception <a 'java/security/PrivilegedActionException'> (0x00000000efd7d050) thrown at [D:\re\workspace\8-2-build-windows-amd64-cygwin\jdk8u77\6540\hotspot\src\share\vm\prims\jvm.cpp, line 1386]
Event: 9.168 Thread 0x0000000019efc000 Exception <a 'java/security/PrivilegedActionException'> (0x00000000efd7faa8) thrown at [D:\re\workspace\8-2-build-windows-amd64-cygwin\jdk8u77\6540\hotspot\src\share\vm\prims\jvm.cpp, line 1386]
Event: 9.168 Thread 0x0000000019efc000 Exception <a 'java/security/PrivilegedActionException'> (0x00000000efd80640) thrown at [D:\re\workspace\8-2-build-windows-amd64-cygwin\jdk8u77\6540\hotspot\src\share\vm\prims\jvm.cpp, line 1386]
Event: 9.168 Thread 0x0000000019efc000 Exception <a 'java/security/PrivilegedActionException'> (0x00000000efd83278) thrown at [D:\re\workspace\8-2-build-windows-amd64-cygwin\jdk8u77\6540\hotspot\src\share\vm\prims\jvm.cpp, line 1386]
Event: 9.169 Thread 0x0000000019efc000 Exception <a 'java/security/PrivilegedActionException'> (0x00000000efd83e10) thrown at [D:\re\workspace\8-2-build-windows-amd64-cygwin\jdk8u77\6540\hotspot\src\share\vm\prims\jvm.cpp, line 1386]
Event: 9.498 Thread 0x0000000019efc000 Exception <a 'java/lang/ClassNotFoundException': build_34gmibvf2wu4m8aqupz2gui80BeanInfo> (0x00000000f071e8c0) thrown at [D:\re\workspace\8-2-build-windows-amd64-cygwin\jdk8u77\6540\hotspot\src\share\vm\classfile\systemDictionary.cpp, line 210]
Event: 9.499 Thread 0x0000000019efc000 Exception <a 'java/lang/ClassNotFoundException': build_34gmibvf2wu4m8aqupz2gui80Customizer> (0x00000000f0728dd0) thrown at [D:\re\workspace\8-2-build-windows-amd64-cygwin\jdk8u77\6540\hotspot\src\share\vm\classfile\systemDictionary.cpp, line 210]
Event: 10.107 Thread 0x0000000019efc000 Implicit null exception at 0x00000000053a6b95 to 0x00000000053a6e7d

Events (10 events):
Event: 11.270 loading class org/apache/tools/ant/types/FilterSet$FiltersFile
Event: 11.270 loading class org/apache/tools/ant/types/FilterSet$FiltersFile done
Event: 11.271 loading class org/apache/tools/ant/types/Reference
Event: 11.271 loading class org/apache/tools/ant/types/Reference done
Event: 11.272 loading class org/apache/tools/ant/Location
Event: 11.272 loading class org/apache/tools/ant/Location done
Event: 11.284 loading class org/apache/tools/ant/input/InputRequest
Event: 11.284 loading class org/apache/tools/ant/input/InputRequest done
Event: 11.293 loading class org/apache/tools/ant/taskdefs/condition/Condition
Event: 11.293 loading class org/apache/tools/ant/taskdefs/condition/Condition done


Dynamic libraries:
0x00007ff741aa0000 - 0x00007ff741ad7000 	C:\Program Files\Java\jdk1.8.0_77\bin\java.exe
0x00007ffa891b0000 - 0x00007ffa89390000 	C:\WINDOWS\SYSTEM32\ntdll.dll
0x00007ffa871d0000 - 0x00007ffa8727e000 	C:\WINDOWS\System32\KERNEL32.DLL
0x00007ffa86410000 - 0x00007ffa86676000 	C:\WINDOWS\System32\KERNELBASE.dll
0x00007ffa88900000 - 0x00007ffa889a1000 	C:\WINDOWS\System32\ADVAPI32.dll
0x00007ffa88af0000 - 0x00007ffa88b8d000 	C:\WINDOWS\System32\msvcrt.dll
0x00007ffa888a0000 - 0x00007ffa888fb000 	C:\WINDOWS\System32\sechost.dll
0x00007ffa86b00000 - 0x00007ffa86c1f000 	C:\WINDOWS\System32\RPCRT4.dll
0x00007ffa86f30000 - 0x00007ffa870bf000 	C:\WINDOWS\System32\USER32.dll
0x00007ffa863f0000 - 0x00007ffa86410000 	C:\WINDOWS\System32\win32u.dll
0x00007ffa88870000 - 0x00007ffa88898000 	C:\WINDOWS\System32\GDI32.dll
0x00007ffa86200000 - 0x00007ffa86393000 	C:\WINDOWS\System32\gdi32full.dll
0x00007ffa85fd0000 - 0x00007ffa8606b000 	C:\WINDOWS\System32\msvcp_win.dll
0x00007ffa85ed0000 - 0x00007ffa85fc6000 	C:\WINDOWS\System32\ucrtbase.dll
0x00007ffa6f9b0000 - 0x00007ffa6fc19000 	C:\WINDOWS\WinSxS\amd64_microsoft.windows.common-controls_6595b64144ccf1df_6.0.16299.248_none_15ced204935f55d7\COMCTL32.dll
0x00007ffa86c20000 - 0x00007ffa86f28000 	C:\WINDOWS\System32\combase.dll
0x00007ffa86180000 - 0x00007ffa861f2000 	C:\WINDOWS\System32\bcryptPrimitives.dll
0x00007ffa86ab0000 - 0x00007ffa86add000 	C:\WINDOWS\System32\IMM32.DLL
0x0000000053530000 - 0x0000000053602000 	C:\Program Files\Java\jdk1.8.0_77\jre\bin\msvcr100.dll
0x0000000052ca0000 - 0x0000000053530000 	C:\Program Files\Java\jdk1.8.0_77\jre\bin\server\jvm.dll
0x00007ffa886c0000 - 0x00007ffa886c8000 	C:\WINDOWS\System32\PSAPI.DLL
0x00007ffa77590000 - 0x00007ffa7759a000 	C:\WINDOWS\SYSTEM32\VERSION.dll
0x00007ffa833a0000 - 0x00007ffa833c3000 	C:\WINDOWS\SYSTEM32\WINMM.dll
0x00007ffa6e010000 - 0x00007ffa6e019000 	C:\WINDOWS\SYSTEM32\WSOCK32.dll
0x00007ffa889b0000 - 0x00007ffa88a1c000 	C:\WINDOWS\System32\WS2_32.dll
0x00007ffa83340000 - 0x00007ffa8336a000 	C:\WINDOWS\SYSTEM32\winmmbase.dll
0x00007ffa863a0000 - 0x00007ffa863ea000 	C:\WINDOWS\System32\cfgmgr32.dll
0x0000000052c90000 - 0x0000000052c9f000 	C:\Program Files\Java\jdk1.8.0_77\jre\bin\verify.dll
0x0000000052c60000 - 0x0000000052c89000 	C:\Program Files\Java\jdk1.8.0_77\jre\bin\java.dll
0x0000000052c40000 - 0x0000000052c56000 	C:\Program Files\Java\jdk1.8.0_77\jre\bin\zip.dll
0x00007ffa87280000 - 0x00007ffa886b6000 	C:\WINDOWS\System32\SHELL32.dll
0x00007ffa88740000 - 0x00007ffa887e6000 	C:\WINDOWS\System32\shcore.dll
0x00007ffa855b0000 - 0x00007ffa85cf7000 	C:\WINDOWS\System32\windows.storage.dll
0x00007ffa870d0000 - 0x00007ffa87121000 	C:\WINDOWS\System32\shlwapi.dll
0x00007ffa85570000 - 0x00007ffa85581000 	C:\WINDOWS\System32\kernel.appcore.dll
0x00007ffa85520000 - 0x00007ffa8556c000 	C:\WINDOWS\System32\powrprof.dll
0x00007ffa85590000 - 0x00007ffa855ab000 	C:\WINDOWS\System32\profapi.dll
0x0000000052c20000 - 0x0000000052c3a000 	C:\Program Files\Java\jdk1.8.0_77\jre\bin\net.dll
0x00007ffa84d90000 - 0x00007ffa84df6000 	C:\WINDOWS\system32\mswsock.dll
0x0000000052c00000 - 0x0000000052c11000 	C:\Program Files\Java\jdk1.8.0_77\jre\bin\nio.dll
0x00007ffa7d190000 - 0x00007ffa7d1ae000 	C:\Users\bpradmin\.gradle\native\25\windows-amd64\native-platform.dll
0x0000000052bc0000 - 0x0000000052bcd000 	C:\Program Files\Java\jdk1.8.0_77\jre\bin\management.dll
0x00007ffa84f50000 - 0x00007ffa84f67000 	C:\WINDOWS\SYSTEM32\CRYPTSP.dll
0x00007ffa849a0000 - 0x00007ffa849d3000 	C:\WINDOWS\system32\rsaenh.dll
0x00007ffa85060000 - 0x00007ffa85085000 	C:\WINDOWS\SYSTEM32\bcrypt.dll
0x00007ffa85430000 - 0x00007ffa85459000 	C:\WINDOWS\SYSTEM32\USERENV.dll
0x00007ffa84f70000 - 0x00007ffa84f7b000 	C:\WINDOWS\SYSTEM32\CRYPTBASE.dll
0x00007ffa84b20000 - 0x00007ffa84b59000 	C:\WINDOWS\SYSTEM32\IPHLPAPI.DLL
0x00007ffa870c0000 - 0x00007ffa870c8000 	C:\WINDOWS\System32\NSI.dll
0x00007ffa7e900000 - 0x00007ffa7e916000 	C:\WINDOWS\SYSTEM32\dhcpcsvc6.DLL
0x00007ffa7e940000 - 0x00007ffa7e95a000 	C:\WINDOWS\SYSTEM32\dhcpcsvc.DLL

VM Arguments:
jvm_args: -XX:+HeapDumpOnOutOfMemoryError -Xmx1024m -Dfile.encoding=windows-1252 -Duser.country=US -Duser.language=en -Duser.variant 
java_command: org.gradle.launcher.daemon.bootstrap.GradleDaemon 4.4
java_class_path (initial): C:\Users\bpradmin\.gradle\wrapper\dists\gradle-4.4-all\9br9xq1tocpiv8o6njlyu5op1\gradle-4.4\lib\gradle-launcher-4.4.jar
Launcher Type: SUN_STANDARD

Environment Variables:
PATH=C:\Program Files (x86)\Common Files\Oracle\Java\javapath;C:\app\bpradmin\virtual\product\12.2.0\dbhome_1\bin;C:\Program Files\Java\jdk1.6.0_45\bin;C:\ProgramData\Oracle\Java\javapath;C:\WINDOWS\system32;C:\WINDOWS;C:\WINDOWS\System32\Wbem;C:\WINDOWS\System32\WindowsPowerShell\v1.0\;C:\Program Files\Java\jdk1.8.0_77\bin;C:\Program Files (x86)\Intel\OpenCL SDK\2.0\bin\x86;C:\Program Files (x86)\Intel\OpenCL SDK\2.0\bin\x64;C:\Program Files (x86)\EgisTec Port Locker\x64;C:\Program Files (x86)\EgisTec Port Locker\;C:\xampp\php;C:\play;C:\ProgramData\ComposerSetup\bin;C:\Program Files (x86)\Git\cmd;C:\Program Files\PuTTY\;C:\Program Files\Java\jdk1.6.0_45\bin;C:\Program Files\Java\jdk1.8.0_77\bin;C:\play;C:\Users\bpradmin\AppData\Roaming\Composer\vendor\bin;C:\xampp\php;%USERPROFILE%\AppData\Local\Microsoft\WindowsApps;
USERNAME=bpradmin
OS=Windows_NT
PROCESSOR_IDENTIFIER=Intel64 Family 6 Model 42 Stepping 7, GenuineIntel



---------------  S Y S T E M  ---------------

OS: Windows 10.0 , 64 bit Build 16299 (10.0.16299.15)

CPU:total 4 (2 cores per cpu, 2 threads per core) family 6 model 42 stepping 7, cmov, cx8, fxsr, mmx, sse, sse2, sse3, ssse3, sse4.1, sse4.2, popcnt, avx, clmul, ht, tsc, tscinvbit

Memory: 4k page, physical 8321396k(1541724k free), swap 13984828k(2762424k free)

vm_info: Java HotSpot(TM) 64-Bit Server VM (25.77-b03) for windows-amd64 JRE (1.8.0_77-b03), built on Mar 20 2016 22:01:33 by "java_re" with MS VC++ 10.0 (VS2010)

time: Mon Jul 02 22:43:50 2018
elapsed time: 11 seconds (0d 0h 0m 11s)

