#
# A fatal error has been detected by the Java Runtime Environment:
#
#  Internal Error (signature.cpp:308), pid=11868, tid=12952
#  Error: ShouldNotReachHere()
#
# JRE version: Java(TM) SE Runtime Environment (8.0_77-b03) (build 1.8.0_77-b03)
# Java VM: Java HotSpot(TM) 64-Bit Server VM (25.77-b03 mixed mode windows-amd64 compressed oops)
# Failed to write core dump. Minidumps are not enabled by default on client versions of Windows
#
# If you would like to submit a bug report, please visit:
#   http://bugreport.java.com/bugreport/crash.jsp
#

---------------  T H R E A D  ---------------

Current thread (0x0000000016c16000):  JavaThread "C1 CompilerThread2" daemon [_thread_in_vm, id=12952, stack(0x0000000018450000,0x0000000018550000)]

Stack: [0x0000000018450000,0x0000000018550000]
[error occurred during error reporting (printing stack bounds), id 0xc0000005]

Native frames: (J=compiled Java code, j=interpreted, Vv=VM code, C=native code)


Current CompileTask:
C1:  12669 3961       3       java.util.Formatter$FormatSpecifier::printString (105 bytes)


---------------  P R O C E S S  ---------------

Java Threads: ( => current thread )
  0x000000001ce65000 JavaThread "Memory manager" [_thread_blocked, id=12772, stack(0x00000000217f0000,0x00000000218f0000)]
  0x0000000019cc1800 JavaThread "build operations Thread 4" [_thread_blocked, id=824, stack(0x00000000210f0000,0x00000000211f0000)]
  0x0000000019cc0800 JavaThread "build operations Thread 3" [_thread_blocked, id=12036, stack(0x0000000020ff0000,0x00000000210f0000)]
  0x0000000019cc0000 JavaThread "build operations Thread 2" [_thread_blocked, id=14456, stack(0x0000000020ef0000,0x0000000020ff0000)]
  0x0000000019cc2000 JavaThread "build operations" [_thread_blocked, id=11140, stack(0x0000000020b40000,0x0000000020c40000)]
  0x0000000019cbd000 JavaThread "Cache worker for Artifact transforms cache (C:\Users\bpradmin\.gradle\caches\transforms-1)" [_thread_blocked, id=10968, stack(0x00000000205f0000,0x00000000206f0000)]
  0x0000000019cbc000 JavaThread "Cache worker for file hash cache (C:\Users\bpradmin\AndroidStudioProjects\etrack\.gradle\4.4\fileHashes)" [_thread_blocked, id=10328, stack(0x000000001cb10000,0x000000001cc10000)]
  0x0000000019cc3000 JavaThread "File lock request listener" [_thread_in_native, id=14792, stack(0x000000001ba40000,0x000000001bb40000)]
  0x0000000019cbd800 JavaThread "Cache worker for file hash cache (C:\Users\bpradmin\.gradle\caches\4.4\fileHashes)" [_thread_blocked, id=11316, stack(0x000000001b940000,0x000000001ba40000)]
  0x0000000019aae000 JavaThread "Stdin handler" [_thread_blocked, id=11204, stack(0x000000001b640000,0x000000001b740000)]
  0x0000000019aff000 JavaThread "Asynchronous log dispatcher for DefaultDaemonConnection: socket connection from /127.0.0.1:53086 to /127.0.0.1:53087" [_thread_blocked, id=12760, stack(0x000000001b540000,0x000000001b640000)]
  0x0000000019afe800 JavaThread "Daemon worker" [_thread_in_Java, id=13768, stack(0x000000001b440000,0x000000001b540000)]
  0x0000000019afd800 JavaThread "Cancel handler" [_thread_blocked, id=10780, stack(0x000000001b340000,0x000000001b440000)]
  0x0000000018820800 JavaThread "Handler for socket connection from /127.0.0.1:53086 to /127.0.0.1:53087" [_thread_in_native, id=980, stack(0x000000001b040000,0x000000001b140000)]
  0x0000000019a8c800 JavaThread "Daemon" [_thread_blocked, id=8956, stack(0x000000001af40000,0x000000001b040000)]
  0x0000000019c26800 JavaThread "Daemon periodic checks" [_thread_blocked, id=1344, stack(0x000000001ae40000,0x000000001af40000)]
  0x0000000019bb6800 JavaThread "Incoming local TCP Connector on port 53086" [_thread_in_native, id=9080, stack(0x000000001a960000,0x000000001aa60000)]
  0x000000001993f000 JavaThread "Daemon health stats" [_thread_blocked, id=14512, stack(0x000000001a320000,0x000000001a420000)]
  0x0000000018588800 JavaThread "Service Thread" daemon [_thread_blocked, id=5844, stack(0x0000000018950000,0x0000000018a50000)]
=>0x0000000016c16000 JavaThread "C1 CompilerThread2" daemon [_thread_in_vm, id=12952, stack(0x0000000018450000,0x0000000018550000)]
  0x0000000016c13000 JavaThread "C2 CompilerThread1" daemon [_thread_in_native, id=12924, stack(0x0000000018350000,0x0000000018450000)]
  0x0000000016c0d000 JavaThread "C2 CompilerThread0" daemon [_thread_in_native, id=8536, stack(0x0000000018250000,0x0000000018350000)]
  0x0000000016c0b800 JavaThread "Attach Listener" daemon [_thread_blocked, id=12912, stack(0x0000000018150000,0x0000000018250000)]
  0x0000000016c0a000 JavaThread "Signal Dispatcher" daemon [_thread_blocked, id=15264, stack(0x0000000018050000,0x0000000018150000)]
  0x0000000016bfa800 JavaThread "Finalizer" daemon [_thread_blocked, id=1360, stack(0x0000000017e60000,0x0000000017f60000)]
  0x000000000452f000 JavaThread "Reference Handler" daemon [_thread_blocked, id=12708, stack(0x0000000017d60000,0x0000000017e60000)]
  0x000000000443d800 JavaThread "main" [_thread_blocked, id=11944, stack(0x00000000042b0000,0x00000000043b0000)]

Other Threads:
  0x0000000016bd7800 VMThread [stack: 0x0000000017c60000,0x0000000017d60000] [id=14900]
  0x000000001859a000 WatcherThread [stack: 0x0000000018a50000,0x0000000018b50000] [id=10764]

VM state:not at safepoint (normal execution)

VM Mutex/Monitor currently owned by a thread: None

Heap:
 PSYoungGen      total 169984K, used 49613K [0x00000000eab00000, 0x00000000fba80000, 0x0000000100000000)
  eden space 156160K, 31% used [0x00000000eab00000,0x00000000edb73500,0x00000000f4380000)
  from space 13824K, 0% used [0x00000000f5080000,0x00000000f5080000,0x00000000f5e00000)
  to   space 13312K, 0% used [0x00000000f4380000,0x00000000f4380000,0x00000000f5080000)
 ParOldGen       total 74240K, used 15217K [0x00000000c0000000, 0x00000000c4880000, 0x00000000eab00000)
  object space 74240K, 20% used [0x00000000c0000000,0x00000000c0edc4a8,0x00000000c4880000)
 Metaspace       used 39903K, capacity 40688K, committed 40960K, reserved 1085440K
  class space    used 5526K, capacity 5780K, committed 5888K, reserved 1048576K

Card table byte_map: [0x0000000013900000,0x0000000013b10000] byte_map_base: 0x0000000013300000

Marking Bits: (ParMarkBitMap*) 0x00000000534b0600
 Begin Bits: [0x0000000014070000, 0x0000000015070000)
 End Bits:   [0x0000000015070000, 0x0000000016070000)

Polling page: 0x00000000025a0000

CodeCache: size=245760Kb used=11902Kb max_used=11902Kb free=233858Kb
 bounds [0x0000000004540000, 0x00000000050f0000, 0x0000000013540000]
 total_blobs=4301 nmethods=3573 adapters=639
 compilation: enabled

Compilation events (10 events):
Event: 12.640 Thread 0x0000000016c16000 nmethod 3955 0x00000000050e8ed0 code [0x00000000050e9040, 0x00000000050e92a8]
Event: 12.640 Thread 0x0000000016c16000 3954       3       java.util.Arrays::sort (47 bytes)
Event: 12.641 Thread 0x0000000016c16000 nmethod 3954 0x00000000050e9390 code [0x00000000050e9540, 0x00000000050e9998]
Event: 12.641 Thread 0x0000000016c16000 3956       3       java.util.Formatter$Conversion::isValid (47 bytes)
Event: 12.641 Thread 0x0000000016c16000 nmethod 3956 0x00000000050e9bd0 code [0x00000000050e9d60, 0x00000000050ea1a8]
Event: 12.641 Thread 0x0000000016c16000 3958       3       java.util.Formatter$FormatSpecifier::print (243 bytes)
Event: 12.643 Thread 0x0000000016c16000 nmethod 3958 0x00000000050ea2d0 code [0x00000000050ea520, 0x00000000050eade8]
Event: 12.643 Thread 0x0000000016c16000 3963       3       sun.reflect.generics.repository.GenericDeclRepository::<init> (7 bytes)
Event: 12.643 Thread 0x0000000016c16000 nmethod 3963 0x00000000050eb190 code [0x00000000050eb300, 0x00000000050eb608]
Event: 12.643 Thread 0x0000000016c16000 3961       3       java.util.Formatter$FormatSpecifier::printString (105 bytes)

GC Heap History (10 events):
Event: 5.569 GC heap before
{Heap before GC invocations=6 (full 1):
 PSYoungGen      total 71680K, used 5108K [0x00000000eab00000, 0x00000000f4100000, 0x0000000100000000)
  eden space 66560K, 0% used [0x00000000eab00000,0x00000000eab00000,0x00000000eec00000)
  from space 5120K, 99% used [0x00000000eec00000,0x00000000ef0fd060,0x00000000ef100000)
  to   space 10240K, 0% used [0x00000000f3700000,0x00000000f3700000,0x00000000f4100000)
 ParOldGen       total 87552K, used 8039K [0x00000000c0000000, 0x00000000c5580000, 0x00000000eab00000)
  object space 87552K, 9% used [0x00000000c0000000,0x00000000c07d9c50,0x00000000c5580000)
 Metaspace       used 20769K, capacity 21150K, committed 21296K, reserved 1067008K
  class space    used 2966K, capacity 3132K, committed 3200K, reserved 1048576K
Event: 5.646 GC heap after
Heap after GC invocations=6 (full 1):
 PSYoungGen      total 71680K, used 0K [0x00000000eab00000, 0x00000000f4100000, 0x0000000100000000)
  eden space 66560K, 0% used [0x00000000eab00000,0x00000000eab00000,0x00000000eec00000)
  from space 5120K, 0% used [0x00000000eec00000,0x00000000eec00000,0x00000000ef100000)
  to   space 10240K, 0% used [0x00000000f3700000,0x00000000f3700000,0x00000000f4100000)
 ParOldGen       total 59904K, used 7998K [0x00000000c0000000, 0x00000000c3a80000, 0x00000000eab00000)
  object space 59904K, 13% used [0x00000000c0000000,0x00000000c07cf998,0x00000000c3a80000)
 Metaspace       used 20769K, capacity 21150K, committed 21296K, reserved 1067008K
  class space    used 2966K, capacity 3132K, committed 3200K, reserved 1048576K
}
Event: 7.605 GC heap before
{Heap before GC invocations=7 (full 1):
 PSYoungGen      total 71680K, used 66460K [0x00000000eab00000, 0x00000000f4100000, 0x0000000100000000)
  eden space 66560K, 99% used [0x00000000eab00000,0x00000000eebe70f8,0x00000000eec00000)
  from space 5120K, 0% used [0x00000000eec00000,0x00000000eec00000,0x00000000ef100000)
  to   space 10240K, 0% used [0x00000000f3700000,0x00000000f3700000,0x00000000f4100000)
 ParOldGen       total 59904K, used 7998K [0x00000000c0000000, 0x00000000c3a80000, 0x00000000eab00000)
  object space 59904K, 13% used [0x00000000c0000000,0x00000000c07cf998,0x00000000c3a80000)
 Metaspace       used 26090K, capacity 26574K, committed 26752K, reserved 1073152K
  class space    used 3729K, capacity 3866K, committed 3968K, reserved 1048576K
Event: 7.622 GC heap after
Heap after GC invocations=7 (full 1):
 PSYoungGen      total 110080K, used 6979K [0x00000000eab00000, 0x00000000f3e00000, 0x0000000100000000)
  eden space 102912K, 0% used [0x00000000eab00000,0x00000000eab00000,0x00000000f0f80000)
  from space 7168K, 97% used [0x00000000f3700000,0x00000000f3dd0e80,0x00000000f3e00000)
  to   space 9728K, 0% used [0x00000000f2b00000,0x00000000f2b00000,0x00000000f3480000)
 ParOldGen       total 59904K, used 8006K [0x00000000c0000000, 0x00000000c3a80000, 0x00000000eab00000)
  object space 59904K, 13% used [0x00000000c0000000,0x00000000c07d1998,0x00000000c3a80000)
 Metaspace       used 26090K, capacity 26574K, committed 26752K, reserved 1073152K
  class space    used 3729K, capacity 3866K, committed 3968K, reserved 1048576K
}
Event: 11.472 GC heap before
{Heap before GC invocations=8 (full 1):
 PSYoungGen      total 110080K, used 109891K [0x00000000eab00000, 0x00000000f3e00000, 0x0000000100000000)
  eden space 102912K, 100% used [0x00000000eab00000,0x00000000f0f80000,0x00000000f0f80000)
  from space 7168K, 97% used [0x00000000f3700000,0x00000000f3dd0e80,0x00000000f3e00000)
  to   space 9728K, 0% used [0x00000000f2b00000,0x00000000f2b00000,0x00000000f3480000)
 ParOldGen       total 59904K, used 8006K [0x00000000c0000000, 0x00000000c3a80000, 0x00000000eab00000)
  object space 59904K, 13% used [0x00000000c0000000,0x00000000c07d1998,0x00000000c3a80000)
 Metaspace       used 34637K, capacity 35418K, committed 35496K, reserved 1079296K
  class space    used 4858K, capacity 5068K, committed 5120K, reserved 1048576K
Event: 11.501 GC heap after
Heap after GC invocations=8 (full 1):
 PSYoungGen      total 140800K, used 9712K [0x00000000eab00000, 0x00000000f5e00000, 0x0000000100000000)
  eden space 131072K, 0% used [0x00000000eab00000,0x00000000eab00000,0x00000000f2b00000)
  from space 9728K, 99% used [0x00000000f2b00000,0x00000000f347c088,0x00000000f3480000)
  to   space 13824K, 0% used [0x00000000f5080000,0x00000000f5080000,0x00000000f5e00000)
 ParOldGen       total 59904K, used 13462K [0x00000000c0000000, 0x00000000c3a80000, 0x00000000eab00000)
  object space 59904K, 22% used [0x00000000c0000000,0x00000000c0d25a70,0x00000000c3a80000)
 Metaspace       used 34637K, capacity 35418K, committed 35496K, reserved 1079296K
  class space    used 4858K, capacity 5068K, committed 5120K, reserved 1048576K
}
Event: 11.517 GC heap before
{Heap before GC invocations=9 (full 1):
 PSYoungGen      total 140800K, used 11989K [0x00000000eab00000, 0x00000000f5e00000, 0x0000000100000000)
  eden space 131072K, 1% used [0x00000000eab00000,0x00000000ead39488,0x00000000f2b00000)
  from space 9728K, 99% used [0x00000000f2b00000,0x00000000f347c088,0x00000000f3480000)
  to   space 13824K, 0% used [0x00000000f5080000,0x00000000f5080000,0x00000000f5e00000)
 ParOldGen       total 59904K, used 13462K [0x00000000c0000000, 0x00000000c3a80000, 0x00000000eab00000)
  object space 59904K, 22% used [0x00000000c0000000,0x00000000c0d25a70,0x00000000c3a80000)
 Metaspace       used 34692K, capacity 35418K, committed 35496K, reserved 1079296K
  class space    used 4867K, capacity 5068K, committed 5120K, reserved 1048576K
Event: 11.537 GC heap after
Heap after GC invocations=9 (full 1):
 PSYoungGen      total 169984K, used 8840K [0x00000000eab00000, 0x00000000fba80000, 0x0000000100000000)
  eden space 156160K, 0% used [0x00000000eab00000,0x00000000eab00000,0x00000000f4380000)
  from space 13824K, 63% used [0x00000000f5080000,0x00000000f59220e0,0x00000000f5e00000)
  to   space 13312K, 0% used [0x00000000f4380000,0x00000000f4380000,0x00000000f5080000)
 ParOldGen       total 59904K, used 13470K [0x00000000c0000000, 0x00000000c3a80000, 0x00000000eab00000)
  object space 59904K, 22% used [0x00000000c0000000,0x00000000c0d27a70,0x00000000c3a80000)
 Metaspace       used 34692K, capacity 35418K, committed 35496K, reserved 1079296K
  class space    used 4867K, capacity 5068K, committed 5120K, reserved 1048576K
}
Event: 11.537 GC heap before
{Heap before GC invocations=10 (full 2):
 PSYoungGen      total 169984K, used 8840K [0x00000000eab00000, 0x00000000fba80000, 0x0000000100000000)
  eden space 156160K, 0% used [0x00000000eab00000,0x00000000eab00000,0x00000000f4380000)
  from space 13824K, 63% used [0x00000000f5080000,0x00000000f59220e0,0x00000000f5e00000)
  to   space 13312K, 0% used [0x00000000f4380000,0x00000000f4380000,0x00000000f5080000)
 ParOldGen       total 59904K, used 13470K [0x00000000c0000000, 0x00000000c3a80000, 0x00000000eab00000)
  object space 59904K, 22% used [0x00000000c0000000,0x00000000c0d27a70,0x00000000c3a80000)
 Metaspace       used 34692K, capacity 35418K, committed 35496K, reserved 1079296K
  class space    used 4867K, capacity 5068K, committed 5120K, reserved 1048576K
Event: 11.692 GC heap after
Heap after GC invocations=10 (full 2):
 PSYoungGen      total 169984K, used 0K [0x00000000eab00000, 0x00000000fba80000, 0x0000000100000000)
  eden space 156160K, 0% used [0x00000000eab00000,0x00000000eab00000,0x00000000f4380000)
  from space 13824K, 0% used [0x00000000f5080000,0x00000000f5080000,0x00000000f5e00000)
  to   space 13312K, 0% used [0x00000000f4380000,0x00000000f4380000,0x00000000f5080000)
 ParOldGen       total 74240K, used 15217K [0x00000000c0000000, 0x00000000c4880000, 0x00000000eab00000)
  object space 74240K, 20% used [0x00000000c0000000,0x00000000c0edc4a8,0x00000000c4880000)
 Metaspace       used 34669K, capacity 35330K, committed 35496K, reserved 1079296K
  class space    used 4860K, capacity 5060K, committed 5120K, reserved 1048576K
}

Deoptimization events (10 events):
Event: 11.731 Thread 0x0000000019afe800 Uncommon trap: reason=bimorphic action=maybe_recompile pc=0x0000000004e2c140 method=java.util.Arrays.binarySearch0([Ljava/lang/Object;IILjava/lang/Object;Ljava/util/Comparator;)I @ 48
Event: 11.731 Thread 0x0000000019afe800 Uncommon trap: reason=bimorphic action=maybe_recompile pc=0x0000000004e2c140 method=java.util.Arrays.binarySearch0([Ljava/lang/Object;IILjava/lang/Object;Ljava/util/Comparator;)I @ 48
Event: 11.731 Thread 0x0000000019afe800 Uncommon trap: reason=bimorphic action=maybe_recompile pc=0x0000000004e2c140 method=java.util.Arrays.binarySearch0([Ljava/lang/Object;IILjava/lang/Object;Ljava/util/Comparator;)I @ 48
Event: 11.794 Thread 0x0000000019afe800 Uncommon trap: reason=unstable_if action=reinterpret pc=0x0000000004ac8ea4 method=sun.misc.MetaIndex.mayContain(Ljava/lang/String;)Z @ 38
Event: 11.796 Thread 0x0000000019afe800 Uncommon trap: reason=unstable_if action=reinterpret pc=0x0000000005007f4c method=java.security.CodeSource.hashCode()I @ 4
Event: 12.231 Thread 0x0000000019afe800 Uncommon trap: reason=unstable_if action=reinterpret pc=0x00000000048de2fc method=java.util.Properties$LineReader.readLine()I @ 105
Event: 12.384 Thread 0x0000000019afe800 Uncommon trap: reason=range_check action=make_not_entrant pc=0x0000000004ec4ff8 method=java.lang.String.charAt(I)C @ 27
Event: 12.504 Thread 0x0000000019afe800 Uncommon trap: reason=unstable_if action=reinterpret pc=0x0000000004f38138 method=java.util.HashMap.putVal(ILjava/lang/Object;Ljava/lang/Object;ZZ)Ljava/lang/Object; @ 162
Event: 12.504 Thread 0x0000000019afe800 Uncommon trap: reason=unstable_if action=reinterpret pc=0x0000000004a16328 method=java.util.HashMap.putVal(ILjava/lang/Object;Ljava/lang/Object;ZZ)Ljava/lang/Object; @ 162
Event: 12.504 Thread 0x0000000019afe800 Uncommon trap: reason=unstable_if action=reinterpret pc=0x000000000499c780 method=java.util.HashMap.resize()[Ljava/util/HashMap$Node; @ 206

Internal exceptions (10 events):
Event: 10.683 Thread 0x0000000019afe800 Exception <a 'java/security/PrivilegedActionException'> (0x00000000efe709f8) thrown at [D:\re\workspace\8-2-build-windows-amd64-cygwin\jdk8u77\6540\hotspot\src\share\vm\prims\jvm.cpp, line 1386]
Event: 10.688 Thread 0x0000000019afe800 Exception <a 'java/security/PrivilegedActionException'> (0x00000000efe921b0) thrown at [D:\re\workspace\8-2-build-windows-amd64-cygwin\jdk8u77\6540\hotspot\src\share\vm\prims\jvm.cpp, line 1386]
Event: 10.689 Thread 0x0000000019afe800 Exception <a 'java/security/PrivilegedActionException'> (0x00000000efe92d48) thrown at [D:\re\workspace\8-2-build-windows-amd64-cygwin\jdk8u77\6540\hotspot\src\share\vm\prims\jvm.cpp, line 1386]
Event: 10.689 Thread 0x0000000019afe800 Exception <a 'java/security/PrivilegedActionException'> (0x00000000efe957a0) thrown at [D:\re\workspace\8-2-build-windows-amd64-cygwin\jdk8u77\6540\hotspot\src\share\vm\prims\jvm.cpp, line 1386]
Event: 10.689 Thread 0x0000000019afe800 Exception <a 'java/security/PrivilegedActionException'> (0x00000000efe96338) thrown at [D:\re\workspace\8-2-build-windows-amd64-cygwin\jdk8u77\6540\hotspot\src\share\vm\prims\jvm.cpp, line 1386]
Event: 10.689 Thread 0x0000000019afe800 Exception <a 'java/security/PrivilegedActionException'> (0x00000000efe98f70) thrown at [D:\re\workspace\8-2-build-windows-amd64-cygwin\jdk8u77\6540\hotspot\src\share\vm\prims\jvm.cpp, line 1386]
Event: 10.689 Thread 0x0000000019afe800 Exception <a 'java/security/PrivilegedActionException'> (0x00000000efe99b08) thrown at [D:\re\workspace\8-2-build-windows-amd64-cygwin\jdk8u77\6540\hotspot\src\share\vm\prims\jvm.cpp, line 1386]
Event: 11.228 Thread 0x0000000019afe800 Exception <a 'java/lang/ClassNotFoundException': build_34gmibvf2wu4m8aqupz2gui80BeanInfo> (0x00000000f081e2c8) thrown at [D:\re\workspace\8-2-build-windows-amd64-cygwin\jdk8u77\6540\hotspot\src\share\vm\classfile\systemDictionary.cpp, line 210]
Event: 11.229 Thread 0x0000000019afe800 Exception <a 'java/lang/ClassNotFoundException': build_34gmibvf2wu4m8aqupz2gui80Customizer> (0x00000000f08287d8) thrown at [D:\re\workspace\8-2-build-windows-amd64-cygwin\jdk8u77\6540\hotspot\src\share\vm\classfile\systemDictionary.cpp, line 210]
Event: 11.796 Thread 0x0000000019afe800 Implicit null exception at 0x0000000005007c55 to 0x0000000005007f3d

Events (10 events):
Event: 12.552 loading class org/apache/tools/ant/BuildEvent
Event: 12.552 loading class org/apache/tools/ant/BuildEvent done
Event: 12.566 loading class org/apache/tools/ant/RuntimeConfigurable
Event: 12.566 loading class org/apache/tools/ant/RuntimeConfigurable done
Event: 12.592 loading class org/gradle/api/component/SoftwareComponent
Event: 12.592 loading class org/gradle/api/component/SoftwareComponent done
Event: 12.610 loading class org/gradle/model/internal/manage/schema/ScalarCollectionSchema
Event: 12.610 loading class org/gradle/model/internal/manage/schema/ScalarCollectionSchema done
Event: 12.611 loading class org/gradle/model/internal/manage/schema/extract/JavaUtilCollectionStrategy$1
Event: 12.611 loading class org/gradle/model/internal/manage/schema/extract/JavaUtilCollectionStrategy$1 done


Dynamic libraries:
0x00007ff741aa0000 - 0x00007ff741ad7000 	C:\Program Files\Java\jdk1.8.0_77\bin\java.exe
0x00007ffa891b0000 - 0x00007ffa89390000 	C:\WINDOWS\SYSTEM32\ntdll.dll
0x00007ffa871d0000 - 0x00007ffa8727e000 	C:\WINDOWS\System32\KERNEL32.DLL
0x00007ffa86410000 - 0x00007ffa86676000 	C:\WINDOWS\System32\KERNELBASE.dll
0x00007ffa88900000 - 0x00007ffa889a1000 	C:\WINDOWS\System32\ADVAPI32.dll
0x00007ffa88af0000 - 0x00007ffa88b8d000 	C:\WINDOWS\System32\msvcrt.dll
0x00007ffa888a0000 - 0x00007ffa888fb000 	C:\WINDOWS\System32\sechost.dll
0x00007ffa86b00000 - 0x00007ffa86c1f000 	C:\WINDOWS\System32\RPCRT4.dll
0x00007ffa86f30000 - 0x00007ffa870bf000 	C:\WINDOWS\System32\USER32.dll
0x00007ffa863f0000 - 0x00007ffa86410000 	C:\WINDOWS\System32\win32u.dll
0x00007ffa88870000 - 0x00007ffa88898000 	C:\WINDOWS\System32\GDI32.dll
0x00007ffa86200000 - 0x00007ffa86393000 	C:\WINDOWS\System32\gdi32full.dll
0x00007ffa85fd0000 - 0x00007ffa8606b000 	C:\WINDOWS\System32\msvcp_win.dll
0x00007ffa85ed0000 - 0x00007ffa85fc6000 	C:\WINDOWS\System32\ucrtbase.dll
0x00007ffa6f9b0000 - 0x00007ffa6fc19000 	C:\WINDOWS\WinSxS\amd64_microsoft.windows.common-controls_6595b64144ccf1df_6.0.16299.248_none_15ced204935f55d7\COMCTL32.dll
0x00007ffa86c20000 - 0x00007ffa86f28000 	C:\WINDOWS\System32\combase.dll
0x00007ffa86180000 - 0x00007ffa861f2000 	C:\WINDOWS\System32\bcryptPrimitives.dll
0x00007ffa86ab0000 - 0x00007ffa86add000 	C:\WINDOWS\System32\IMM32.DLL
0x0000000053530000 - 0x0000000053602000 	C:\Program Files\Java\jdk1.8.0_77\jre\bin\msvcr100.dll
0x0000000052ca0000 - 0x0000000053530000 	C:\Program Files\Java\jdk1.8.0_77\jre\bin\server\jvm.dll
0x00007ffa886c0000 - 0x00007ffa886c8000 	C:\WINDOWS\System32\PSAPI.DLL
0x00007ffa833a0000 - 0x00007ffa833c3000 	C:\WINDOWS\SYSTEM32\WINMM.dll
0x00007ffa77590000 - 0x00007ffa7759a000 	C:\WINDOWS\SYSTEM32\VERSION.dll
0x00007ffa6e010000 - 0x00007ffa6e019000 	C:\WINDOWS\SYSTEM32\WSOCK32.dll
0x00007ffa889b0000 - 0x00007ffa88a1c000 	C:\WINDOWS\System32\WS2_32.dll
0x00007ffa83340000 - 0x00007ffa8336a000 	C:\WINDOWS\SYSTEM32\winmmbase.dll
0x00007ffa863a0000 - 0x00007ffa863ea000 	C:\WINDOWS\System32\cfgmgr32.dll
0x0000000052c90000 - 0x0000000052c9f000 	C:\Program Files\Java\jdk1.8.0_77\jre\bin\verify.dll
0x0000000052c60000 - 0x0000000052c89000 	C:\Program Files\Java\jdk1.8.0_77\jre\bin\java.dll
0x0000000052c40000 - 0x0000000052c56000 	C:\Program Files\Java\jdk1.8.0_77\jre\bin\zip.dll
0x00007ffa87280000 - 0x00007ffa886b6000 	C:\WINDOWS\System32\SHELL32.dll
0x00007ffa88740000 - 0x00007ffa887e6000 	C:\WINDOWS\System32\shcore.dll
0x00007ffa855b0000 - 0x00007ffa85cf7000 	C:\WINDOWS\System32\windows.storage.dll
0x00007ffa870d0000 - 0x00007ffa87121000 	C:\WINDOWS\System32\shlwapi.dll
0x00007ffa85570000 - 0x00007ffa85581000 	C:\WINDOWS\System32\kernel.appcore.dll
0x00007ffa85520000 - 0x00007ffa8556c000 	C:\WINDOWS\System32\powrprof.dll
0x00007ffa85590000 - 0x00007ffa855ab000 	C:\WINDOWS\System32\profapi.dll
0x0000000052c20000 - 0x0000000052c3a000 	C:\Program Files\Java\jdk1.8.0_77\jre\bin\net.dll
0x00007ffa84d90000 - 0x00007ffa84df6000 	C:\WINDOWS\system32\mswsock.dll
0x0000000052c00000 - 0x0000000052c11000 	C:\Program Files\Java\jdk1.8.0_77\jre\bin\nio.dll
0x00007ffa7d190000 - 0x00007ffa7d1ae000 	C:\Users\bpradmin\.gradle\native\25\windows-amd64\native-platform.dll
0x0000000052bc0000 - 0x0000000052bcd000 	C:\Program Files\Java\jdk1.8.0_77\jre\bin\management.dll
0x00007ffa84f50000 - 0x00007ffa84f67000 	C:\WINDOWS\SYSTEM32\CRYPTSP.dll
0x00007ffa849a0000 - 0x00007ffa849d3000 	C:\WINDOWS\system32\rsaenh.dll
0x00007ffa85060000 - 0x00007ffa85085000 	C:\WINDOWS\SYSTEM32\bcrypt.dll
0x00007ffa85430000 - 0x00007ffa85459000 	C:\WINDOWS\SYSTEM32\USERENV.dll
0x00007ffa84f70000 - 0x00007ffa84f7b000 	C:\WINDOWS\SYSTEM32\CRYPTBASE.dll
0x00007ffa84b20000 - 0x00007ffa84b59000 	C:\WINDOWS\SYSTEM32\IPHLPAPI.DLL
0x00007ffa870c0000 - 0x00007ffa870c8000 	C:\WINDOWS\System32\NSI.dll
0x00007ffa7e900000 - 0x00007ffa7e916000 	C:\WINDOWS\SYSTEM32\dhcpcsvc6.DLL
0x00007ffa7e940000 - 0x00007ffa7e95a000 	C:\WINDOWS\SYSTEM32\dhcpcsvc.DLL

VM Arguments:
jvm_args: -XX:+HeapDumpOnOutOfMemoryError -Xmx1024m -Dfile.encoding=windows-1252 -Duser.country=US -Duser.language=en -Duser.variant 
java_command: org.gradle.launcher.daemon.bootstrap.GradleDaemon 4.4
java_class_path (initial): C:\Users\bpradmin\.gradle\wrapper\dists\gradle-4.4-all\9br9xq1tocpiv8o6njlyu5op1\gradle-4.4\lib\gradle-launcher-4.4.jar
Launcher Type: SUN_STANDARD

Environment Variables:
PATH=C:\Program Files (x86)\Common Files\Oracle\Java\javapath;C:\app\bpradmin\virtual\product\12.2.0\dbhome_1\bin;C:\Program Files\Java\jdk1.6.0_45\bin;C:\ProgramData\Oracle\Java\javapath;C:\WINDOWS\system32;C:\WINDOWS;C:\WINDOWS\System32\Wbem;C:\WINDOWS\System32\WindowsPowerShell\v1.0\;C:\Program Files\Java\jdk1.8.0_77\bin;C:\Program Files (x86)\Intel\OpenCL SDK\2.0\bin\x86;C:\Program Files (x86)\Intel\OpenCL SDK\2.0\bin\x64;C:\Program Files (x86)\EgisTec Port Locker\x64;C:\Program Files (x86)\EgisTec Port Locker\;C:\xampp\php;C:\play;C:\ProgramData\ComposerSetup\bin;C:\Program Files (x86)\Git\cmd;C:\Program Files\PuTTY\;C:\Program Files\Java\jdk1.6.0_45\bin;C:\Program Files\Java\jdk1.8.0_77\bin;C:\play;C:\Users\bpradmin\AppData\Roaming\Composer\vendor\bin;C:\xampp\php;%USERPROFILE%\AppData\Local\Microsoft\WindowsApps;
USERNAME=bpradmin
OS=Windows_NT
PROCESSOR_IDENTIFIER=Intel64 Family 6 Model 42 Stepping 7, GenuineIntel



---------------  S Y S T E M  ---------------

OS: Windows 10.0 , 64 bit Build 16299 (10.0.16299.15)

CPU:total 4 (2 cores per cpu, 2 threads per core) family 6 model 42 stepping 7, cmov, cx8, fxsr, mmx, sse, sse2, sse3, ssse3, sse4.1, sse4.2, popcnt, avx, clmul, ht, tsc, tscinvbit

Memory: 4k page, physical 8321396k(1676736k free), swap 14046744k(2960864k free)

vm_info: Java HotSpot(TM) 64-Bit Server VM (25.77-b03) for windows-amd64 JRE (1.8.0_77-b03), built on Mar 20 2016 22:01:33 by "java_re" with MS VC++ 10.0 (VS2010)

time: Mon Jul 02 22:40:00 2018
elapsed time: 12 seconds (0d 0h 0m 12s)

