#
# A fatal error has been detected by the Java Runtime Environment:
#
#  Internal Error (signature.cpp:308), pid=10152, tid=13740
#  Error: ShouldNotReachHere()
#
# JRE version: Java(TM) SE Runtime Environment (8.0_77-b03) (build 1.8.0_77-b03)
# Java VM: Java HotSpot(TM) 64-Bit Server VM (25.77-b03 mixed mode windows-amd64 compressed oops)
# Failed to write core dump. Minidumps are not enabled by default on client versions of Windows
#
# If you would like to submit a bug report, please visit:
#   http://bugreport.java.com/bugreport/crash.jsp
#

---------------  T H R E A D  ---------------

Current thread (0x0000000017176000):  JavaThread "C1 CompilerThread2" daemon [_thread_in_vm, id=13740, stack(0x00000000189c0000,0x0000000018ac0000)]

Stack: [0x00000000189c0000,0x0000000018ac0000]
[error occurred during error reporting (printing stack bounds), id 0xc0000005]

Native frames: (J=compiled Java code, j=interpreted, Vv=VM code, C=native code)


Current CompileTask:
C1:  12026 3818       3       java.util.Formatter$FormatSpecifier::printString (105 bytes)


---------------  P R O C E S S  ---------------

Java Threads: ( => current thread )
  0x000000001952a800 JavaThread "Memory manager" [_thread_blocked, id=2520, stack(0x0000000021e40000,0x0000000021f40000)]
  0x000000001a03e800 JavaThread "build operations Thread 4" [_thread_blocked, id=520, stack(0x0000000021740000,0x0000000021840000)]
  0x000000001a040000 JavaThread "build operations Thread 3" [_thread_blocked, id=12208, stack(0x0000000021640000,0x0000000021740000)]
  0x000000001a03c800 JavaThread "build operations Thread 2" [_thread_blocked, id=13008, stack(0x0000000021540000,0x0000000021640000)]
  0x000000001a03b800 JavaThread "build operations" [_thread_blocked, id=12832, stack(0x0000000021440000,0x0000000021540000)]
  0x000000001a03e000 JavaThread "Cache worker for Artifact transforms cache (C:\Users\bpradmin\.gradle\caches\transforms-1)" [_thread_blocked, id=12576, stack(0x0000000020b30000,0x0000000020c30000)]
  0x000000001a03d000 JavaThread "Cache worker for file hash cache (C:\Users\bpradmin\AndroidStudioProjects\etrack\.gradle\4.4\fileHashes)" [_thread_blocked, id=12168, stack(0x000000001d080000,0x000000001d180000)]
  0x000000001a039000 JavaThread "File lock request listener" [_thread_in_native, id=9916, stack(0x000000001bfb0000,0x000000001c0b0000)]
  0x000000001a03f800 JavaThread "Cache worker for file hash cache (C:\Users\bpradmin\.gradle\caches\4.4\fileHashes)" [_thread_blocked, id=10304, stack(0x000000001beb0000,0x000000001bfb0000)]
  0x000000001a1f9000 JavaThread "Stdin handler" [_thread_blocked, id=10484, stack(0x000000001bbb0000,0x000000001bcb0000)]
  0x000000001a1eb800 JavaThread "Asynchronous log dispatcher for DefaultDaemonConnection: socket connection from /127.0.0.1:53644 to /127.0.0.1:53645" [_thread_blocked, id=5936, stack(0x000000001bab0000,0x000000001bbb0000)]
  0x000000001a1df000 JavaThread "Daemon worker" [_thread_in_native_trans, id=11096, stack(0x000000001b9b0000,0x000000001bab0000)]
  0x000000001a1e7000 JavaThread "Cancel handler" [_thread_blocked, id=12524, stack(0x000000001b8b0000,0x000000001b9b0000)]
  0x0000000019f60000 JavaThread "Handler for socket connection from /127.0.0.1:53644 to /127.0.0.1:53645" [_thread_in_native, id=6404, stack(0x000000001b5b0000,0x000000001b6b0000)]
  0x0000000019f54800 JavaThread "Daemon" [_thread_blocked, id=13236, stack(0x000000001b4b0000,0x000000001b5b0000)]
  0x000000001a2bc800 JavaThread "Daemon periodic checks" [_thread_blocked, id=13804, stack(0x000000001b3b0000,0x000000001b4b0000)]
  0x000000001a29b000 JavaThread "Incoming local TCP Connector on port 53644" [_thread_in_native, id=14496, stack(0x000000001aed0000,0x000000001afd0000)]
  0x0000000019fbc800 JavaThread "Daemon health stats" [_thread_blocked, id=14764, stack(0x000000001a890000,0x000000001a990000)]
  0x0000000018af8800 JavaThread "Service Thread" daemon [_thread_blocked, id=2112, stack(0x0000000018ec0000,0x0000000018fc0000)]
=>0x0000000017176000 JavaThread "C1 CompilerThread2" daemon [_thread_in_vm, id=13740, stack(0x00000000189c0000,0x0000000018ac0000)]
  0x0000000017173000 JavaThread "C2 CompilerThread1" daemon [_thread_in_native, id=14552, stack(0x00000000188c0000,0x00000000189c0000)]
  0x000000001716d000 JavaThread "C2 CompilerThread0" daemon [_thread_in_native, id=12336, stack(0x00000000187c0000,0x00000000188c0000)]
  0x000000001716b800 JavaThread "Attach Listener" daemon [_thread_blocked, id=2248, stack(0x00000000186c0000,0x00000000187c0000)]
  0x000000001716a000 JavaThread "Signal Dispatcher" daemon [_thread_blocked, id=11932, stack(0x00000000185c0000,0x00000000186c0000)]
  0x000000001715a800 JavaThread "Finalizer" daemon [_thread_blocked, id=1292, stack(0x00000000183d0000,0x00000000184d0000)]
  0x0000000004a8f000 JavaThread "Reference Handler" daemon [_thread_blocked, id=13568, stack(0x00000000182d0000,0x00000000183d0000)]
  0x000000000496d800 JavaThread "main" [_thread_blocked, id=12316, stack(0x00000000047e0000,0x00000000048e0000)]

Other Threads:
  0x0000000017137800 VMThread [stack: 0x00000000181d0000,0x00000000182d0000] [id=15168]
  0x00000000171ce800 WatcherThread [stack: 0x0000000018fc0000,0x00000000190c0000] [id=2184]

VM state:not at safepoint (normal execution)

VM Mutex/Monitor currently owned by a thread: None

Heap:
 PSYoungGen      total 82944K, used 48004K [0x00000000eab00000, 0x00000000f1e80000, 0x0000000100000000)
  eden space 71168K, 67% used [0x00000000eab00000,0x00000000ed9e13f0,0x00000000ef080000)
  from space 11776K, 0% used [0x00000000ef080000,0x00000000ef080000,0x00000000efc00000)
  to   space 12288K, 0% used [0x00000000f1280000,0x00000000f1280000,0x00000000f1e80000)
 ParOldGen       total 98816K, used 16563K [0x00000000c0000000, 0x00000000c6080000, 0x00000000eab00000)
  object space 98816K, 16% used [0x00000000c0000000,0x00000000c102ccc0,0x00000000c6080000)
 Metaspace       used 37414K, capacity 38276K, committed 38400K, reserved 1081344K
  class space    used 5258K, capacity 5554K, committed 5632K, reserved 1048576K

Card table byte_map: [0x0000000013e60000,0x0000000014070000] byte_map_base: 0x0000000013860000

Marking Bits: (ParMarkBitMap*) 0x00000000534b0600
 Begin Bits: [0x00000000145d0000, 0x00000000155d0000)
 End Bits:   [0x00000000155d0000, 0x00000000165d0000)

Polling page: 0x0000000002f90000

CodeCache: size=245760Kb used=12167Kb max_used=12167Kb free=233592Kb
 bounds [0x0000000004aa0000, 0x0000000005690000, 0x0000000013aa0000]
 total_blobs=4161 nmethods=3457 adapters=615
 compilation: enabled

Compilation events (10 events):
Event: 12.002 Thread 0x0000000017176000 nmethod 3809 0x0000000005689410 code [0x0000000005689560, 0x0000000005689670]
Event: 12.016 Thread 0x0000000017176000 3810       1       org.gradle.model.internal.manage.schema.cache.MultiWeakClassSet::hashCode (5 bytes)
Event: 12.016 Thread 0x0000000017176000 nmethod 3810 0x00000000056896d0 code [0x0000000005689820, 0x0000000005689930]
Event: 12.017 Thread 0x0000000017176000 3812       3       com.google.common.collect.SingletonImmutableBiMap::createKeySet (8 bytes)
Event: 12.018 Thread 0x0000000017176000 nmethod 3812 0x0000000005689990 code [0x0000000005689b40, 0x000000000568a088]
Event: 12.021 Thread 0x0000000017176000 3813       3       java.util.EnumMap::entrySet (26 bytes)
Event: 12.022 Thread 0x0000000017176000 nmethod 3813 0x000000000568a410 code [0x000000000568a5a0, 0x000000000568a990]
Event: 12.022 Thread 0x0000000017176000 3816       3       java.util.EnumMap$EntryIterator$Entry::checkIndexForEntryUse (18 bytes)
Event: 12.022 Thread 0x0000000017176000 nmethod 3816 0x000000000568ab90 code [0x000000000568ad00, 0x000000000568af68]
Event: 12.022 Thread 0x0000000017176000 3818       3       java.util.Formatter$FormatSpecifier::printString (105 bytes)

GC Heap History (10 events):
Event: 5.400 GC heap before
{Heap before GC invocations=7 (full 1):
 PSYoungGen      total 38400K, used 33280K [0x00000000eab00000, 0x00000000f0000000, 0x0000000100000000)
  eden space 33280K, 100% used [0x00000000eab00000,0x00000000ecb80000,0x00000000ecb80000)
  from space 5120K, 0% used [0x00000000ecb80000,0x00000000ecb80000,0x00000000ed080000)
  to   space 10240K, 0% used [0x00000000ef600000,0x00000000ef600000,0x00000000f0000000)
 ParOldGen       total 62464K, used 8005K [0x00000000c0000000, 0x00000000c3d00000, 0x00000000eab00000)
  object space 62464K, 12% used [0x00000000c0000000,0x00000000c07d1660,0x00000000c3d00000)
 Metaspace       used 23890K, capacity 24310K, committed 24576K, reserved 1071104K
  class space    used 3375K, capacity 3524K, committed 3584K, reserved 1048576K
Event: 5.408 GC heap after
Heap after GC invocations=7 (full 1):
 PSYoungGen      total 53248K, used 3640K [0x00000000eab00000, 0x00000000efa00000, 0x0000000100000000)
  eden space 49152K, 0% used [0x00000000eab00000,0x00000000eab00000,0x00000000edb00000)
  from space 4096K, 88% used [0x00000000ef600000,0x00000000ef98e260,0x00000000efa00000)
  to   space 10240K, 0% used [0x00000000ee600000,0x00000000ee600000,0x00000000ef000000)
 ParOldGen       total 62464K, used 8013K [0x00000000c0000000, 0x00000000c3d00000, 0x00000000eab00000)
  object space 62464K, 12% used [0x00000000c0000000,0x00000000c07d3660,0x00000000c3d00000)
 Metaspace       used 23890K, capacity 24310K, committed 24576K, reserved 1071104K
  class space    used 3375K, capacity 3524K, committed 3584K, reserved 1048576K
}
Event: 6.856 GC heap before
{Heap before GC invocations=8 (full 1):
 PSYoungGen      total 53248K, used 52792K [0x00000000eab00000, 0x00000000efa00000, 0x0000000100000000)
  eden space 49152K, 100% used [0x00000000eab00000,0x00000000edb00000,0x00000000edb00000)
  from space 4096K, 88% used [0x00000000ef600000,0x00000000ef98e260,0x00000000efa00000)
  to   space 10240K, 0% used [0x00000000ee600000,0x00000000ee600000,0x00000000ef000000)
 ParOldGen       total 62464K, used 8013K [0x00000000c0000000, 0x00000000c3d00000, 0x00000000eab00000)
  object space 62464K, 12% used [0x00000000c0000000,0x00000000c07d3660,0x00000000c3d00000)
 Metaspace       used 27383K, capacity 27994K, committed 28160K, reserved 1073152K
  class space    used 3861K, capacity 4039K, committed 4096K, reserved 1048576K
Event: 6.877 GC heap after
Heap after GC invocations=8 (full 1):
 PSYoungGen      total 70656K, used 6836K [0x00000000eab00000, 0x00000000f0600000, 0x0000000100000000)
  eden space 60416K, 0% used [0x00000000eab00000,0x00000000eab00000,0x00000000ee600000)
  from space 10240K, 66% used [0x00000000ee600000,0x00000000eecad0a8,0x00000000ef000000)
  to   space 10240K, 0% used [0x00000000efc00000,0x00000000efc00000,0x00000000f0600000)
 ParOldGen       total 62464K, used 8021K [0x00000000c0000000, 0x00000000c3d00000, 0x00000000eab00000)
  object space 62464K, 12% used [0x00000000c0000000,0x00000000c07d5660,0x00000000c3d00000)
 Metaspace       used 27383K, capacity 27994K, committed 28160K, reserved 1073152K
  class space    used 3861K, capacity 4039K, committed 4096K, reserved 1048576K
}
Event: 9.313 GC heap before
{Heap before GC invocations=9 (full 1):
 PSYoungGen      total 70656K, used 67252K [0x00000000eab00000, 0x00000000f0600000, 0x0000000100000000)
  eden space 60416K, 100% used [0x00000000eab00000,0x00000000ee600000,0x00000000ee600000)
  from space 10240K, 66% used [0x00000000ee600000,0x00000000eecad0a8,0x00000000ef000000)
  to   space 10240K, 0% used [0x00000000efc00000,0x00000000efc00000,0x00000000f0600000)
 ParOldGen       total 62464K, used 8021K [0x00000000c0000000, 0x00000000c3d00000, 0x00000000eab00000)
  object space 62464K, 12% used [0x00000000c0000000,0x00000000c07d5660,0x00000000c3d00000)
 Metaspace       used 31162K, capacity 31910K, committed 32128K, reserved 1077248K
  class space    used 4458K, capacity 4686K, committed 4736K, reserved 1048576K
Event: 9.333 GC heap after
Heap after GC invocations=9 (full 1):
 PSYoungGen      total 81408K, used 10231K [0x00000000eab00000, 0x00000000f1780000, 0x0000000100000000)
  eden space 71168K, 0% used [0x00000000eab00000,0x00000000eab00000,0x00000000ef080000)
  from space 10240K, 99% used [0x00000000efc00000,0x00000000f05fddf0,0x00000000f0600000)
  to   space 11776K, 0% used [0x00000000ef080000,0x00000000ef080000,0x00000000efc00000)
 ParOldGen       total 62464K, used 8577K [0x00000000c0000000, 0x00000000c3d00000, 0x00000000eab00000)
  object space 62464K, 13% used [0x00000000c0000000,0x00000000c0860438,0x00000000c3d00000)
 Metaspace       used 31162K, capacity 31910K, committed 32128K, reserved 1077248K
  class space    used 4458K, capacity 4686K, committed 4736K, reserved 1048576K
}
Event: 9.976 GC heap before
{Heap before GC invocations=10 (full 1):
 PSYoungGen      total 81408K, used 28701K [0x00000000eab00000, 0x00000000f1780000, 0x0000000100000000)
  eden space 71168K, 25% used [0x00000000eab00000,0x00000000ebd09740,0x00000000ef080000)
  from space 10240K, 99% used [0x00000000efc00000,0x00000000f05fddf0,0x00000000f0600000)
  to   space 11776K, 0% used [0x00000000ef080000,0x00000000ef080000,0x00000000efc00000)
 ParOldGen       total 62464K, used 8577K [0x00000000c0000000, 0x00000000c3d00000, 0x00000000eab00000)
  object space 62464K, 13% used [0x00000000c0000000,0x00000000c0860438,0x00000000c3d00000)
 Metaspace       used 34642K, capacity 35334K, committed 35456K, reserved 1079296K
  class space    used 4917K, capacity 5149K, committed 5248K, reserved 1048576K
Event: 9.996 GC heap after
Heap after GC invocations=10 (full 1):
 PSYoungGen      total 82944K, used 10196K [0x00000000eab00000, 0x00000000f1e80000, 0x0000000100000000)
  eden space 71168K, 0% used [0x00000000eab00000,0x00000000eab00000,0x00000000ef080000)
  from space 11776K, 86% used [0x00000000ef080000,0x00000000efa75240,0x00000000efc00000)
  to   space 12288K, 0% used [0x00000000f1280000,0x00000000f1280000,0x00000000f1e80000)
 ParOldGen       total 62464K, used 8585K [0x00000000c0000000, 0x00000000c3d00000, 0x00000000eab00000)
  object space 62464K, 13% used [0x00000000c0000000,0x00000000c0862438,0x00000000c3d00000)
 Metaspace       used 34642K, capacity 35334K, committed 35456K, reserved 1079296K
  class space    used 4917K, capacity 5149K, committed 5248K, reserved 1048576K
}
Event: 9.996 GC heap before
{Heap before GC invocations=11 (full 2):
 PSYoungGen      total 82944K, used 10196K [0x00000000eab00000, 0x00000000f1e80000, 0x0000000100000000)
  eden space 71168K, 0% used [0x00000000eab00000,0x00000000eab00000,0x00000000ef080000)
  from space 11776K, 86% used [0x00000000ef080000,0x00000000efa75240,0x00000000efc00000)
  to   space 12288K, 0% used [0x00000000f1280000,0x00000000f1280000,0x00000000f1e80000)
 ParOldGen       total 62464K, used 8585K [0x00000000c0000000, 0x00000000c3d00000, 0x00000000eab00000)
  object space 62464K, 13% used [0x00000000c0000000,0x00000000c0862438,0x00000000c3d00000)
 Metaspace       used 34642K, capacity 35334K, committed 35456K, reserved 1079296K
  class space    used 4917K, capacity 5149K, committed 5248K, reserved 1048576K
Event: 10.135 GC heap after
Heap after GC invocations=11 (full 2):
 PSYoungGen      total 82944K, used 0K [0x00000000eab00000, 0x00000000f1e80000, 0x0000000100000000)
  eden space 71168K, 0% used [0x00000000eab00000,0x00000000eab00000,0x00000000ef080000)
  from space 11776K, 0% used [0x00000000ef080000,0x00000000ef080000,0x00000000efc00000)
  to   space 12288K, 0% used [0x00000000f1280000,0x00000000f1280000,0x00000000f1e80000)
 ParOldGen       total 98816K, used 16563K [0x00000000c0000000, 0x00000000c6080000, 0x00000000eab00000)
  object space 98816K, 16% used [0x00000000c0000000,0x00000000c102ccc0,0x00000000c6080000)
 Metaspace       used 34642K, capacity 35334K, committed 35456K, reserved 1079296K
  class space    used 4917K, capacity 5149K, committed 5248K, reserved 1048576K
}

Deoptimization events (10 events):
Event: 9.630 Thread 0x000000001a1df000 Uncommon trap: reason=bimorphic action=maybe_recompile pc=0x0000000005395700 method=java.util.Arrays.binarySearch0([Ljava/lang/Object;IILjava/lang/Object;Ljava/util/Comparator;)I @ 48
Event: 9.630 Thread 0x000000001a1df000 Uncommon trap: reason=bimorphic action=maybe_recompile pc=0x0000000005395700 method=java.util.Arrays.binarySearch0([Ljava/lang/Object;IILjava/lang/Object;Ljava/util/Comparator;)I @ 48
Event: 9.691 Thread 0x000000001a1df000 Uncommon trap: reason=unstable_if action=reinterpret pc=0x000000000501e9a4 method=sun.misc.MetaIndex.mayContain(Ljava/lang/String;)Z @ 38
Event: 9.727 Thread 0x000000001a1df000 Uncommon trap: reason=unstable_if action=reinterpret pc=0x00000000052d4b34 method=java.util.regex.Pattern.has(I)Z @ 6
Event: 10.463 Thread 0x000000001a1df000 Uncommon trap: reason=unstable_if action=reinterpret pc=0x000000000535370c method=java.util.Properties$LineReader.readLine()I @ 37
Event: 11.462 Thread 0x000000001a1df000 Uncommon trap: reason=unstable_if action=reinterpret pc=0x0000000004c2b238 method=java.util.HashMap.putVal(ILjava/lang/Object;Ljava/lang/Object;ZZ)Ljava/lang/Object; @ 162
Event: 11.463 Thread 0x000000001a1df000 Uncommon trap: reason=unstable_if action=reinterpret pc=0x0000000004bce5e8 method=java.util.HashMap.putVal(ILjava/lang/Object;Ljava/lang/Object;ZZ)Ljava/lang/Object; @ 162
Event: 11.463 Thread 0x000000001a1df000 Uncommon trap: reason=unstable_if action=reinterpret pc=0x0000000004ef4700 method=java.util.HashMap.resize()[Ljava/util/HashMap$Node; @ 206
Event: 11.867 Thread 0x000000001a1df000 Uncommon trap: reason=unstable_if action=reinterpret pc=0x0000000005603a98 method=java.lang.reflect.Modifier.toString(I)Ljava/lang/String; @ 123
Event: 11.867 Thread 0x000000001a1df000 Uncommon trap: reason=unstable_if action=reinterpret pc=0x00000000055f8cd4 method=java.lang.reflect.Modifier.toString(I)Ljava/lang/String; @ 123

Internal exceptions (10 events):
Event: 9.774 Thread 0x000000001a1df000 Exception <a 'java/security/PrivilegedActionException'> (0x00000000eb35fbc8) thrown at [D:\re\workspace\8-2-build-windows-amd64-cygwin\jdk8u77\6540\hotspot\src\share\vm\prims\jvm.cpp, line 1386]
Event: 9.774 Thread 0x000000001a1df000 Exception <a 'java/security/PrivilegedActionException'> (0x00000000eb360578) thrown at [D:\re\workspace\8-2-build-windows-amd64-cygwin\jdk8u77\6540\hotspot\src\share\vm\prims\jvm.cpp, line 1386]
Event: 9.774 Thread 0x000000001a1df000 Exception <a 'java/security/PrivilegedActionException'> (0x00000000eb362ed8) thrown at [D:\re\workspace\8-2-build-windows-amd64-cygwin\jdk8u77\6540\hotspot\src\share\vm\prims\jvm.cpp, line 1386]
Event: 9.774 Thread 0x000000001a1df000 Exception <a 'java/security/PrivilegedActionException'> (0x00000000eb363888) thrown at [D:\re\workspace\8-2-build-windows-amd64-cygwin\jdk8u77\6540\hotspot\src\share\vm\prims\jvm.cpp, line 1386]
Event: 9.777 Thread 0x000000001a1df000 Exception <a 'java/security/PrivilegedActionException'> (0x00000000eb384d38) thrown at [D:\re\workspace\8-2-build-windows-amd64-cygwin\jdk8u77\6540\hotspot\src\share\vm\prims\jvm.cpp, line 1386]
Event: 9.777 Thread 0x000000001a1df000 Exception <a 'java/security/PrivilegedActionException'> (0x00000000eb3856e8) thrown at [D:\re\workspace\8-2-build-windows-amd64-cygwin\jdk8u77\6540\hotspot\src\share\vm\prims\jvm.cpp, line 1386]
Event: 9.777 Thread 0x000000001a1df000 Exception <a 'java/security/PrivilegedActionException'> (0x00000000eb387f58) thrown at [D:\re\workspace\8-2-build-windows-amd64-cygwin\jdk8u77\6540\hotspot\src\share\vm\prims\jvm.cpp, line 1386]
Event: 9.777 Thread 0x000000001a1df000 Exception <a 'java/security/PrivilegedActionException'> (0x00000000eb388908) thrown at [D:\re\workspace\8-2-build-windows-amd64-cygwin\jdk8u77\6540\hotspot\src\share\vm\prims\jvm.cpp, line 1386]
Event: 9.777 Thread 0x000000001a1df000 Exception <a 'java/security/PrivilegedActionException'> (0x00000000eb38b358) thrown at [D:\re\workspace\8-2-build-windows-amd64-cygwin\jdk8u77\6540\hotspot\src\share\vm\prims\jvm.cpp, line 1386]
Event: 9.777 Thread 0x000000001a1df000 Exception <a 'java/security/PrivilegedActionException'> (0x00000000eb38bd08) thrown at [D:\re\workspace\8-2-build-windows-amd64-cygwin\jdk8u77\6540\hotspot\src\share\vm\prims\jvm.cpp, line 1386]

Events (10 events):
Event: 11.956 loading class org/apache/tools/ant/types/FilterSet$Filter
Event: 11.956 loading class org/apache/tools/ant/types/FilterSet$Filter done
Event: 11.970 loading class org/apache/tools/ant/types/Reference
Event: 11.970 loading class org/apache/tools/ant/types/Reference done
Event: 11.971 loading class org/apache/tools/ant/Location
Event: 11.971 loading class org/apache/tools/ant/Location done
Event: 11.984 loading class org/apache/tools/ant/input/InputRequest
Event: 11.984 loading class org/apache/tools/ant/input/InputRequest done
Event: 11.994 loading class org/apache/tools/ant/taskdefs/condition/Condition
Event: 11.994 loading class org/apache/tools/ant/taskdefs/condition/Condition done


Dynamic libraries:
0x00007ff741aa0000 - 0x00007ff741ad7000 	C:\Program Files\Java\jdk1.8.0_77\bin\java.exe
0x00007ffa891b0000 - 0x00007ffa89390000 	C:\WINDOWS\SYSTEM32\ntdll.dll
0x00007ffa871d0000 - 0x00007ffa8727e000 	C:\WINDOWS\System32\KERNEL32.DLL
0x00007ffa86410000 - 0x00007ffa86676000 	C:\WINDOWS\System32\KERNELBASE.dll
0x00007ffa88900000 - 0x00007ffa889a1000 	C:\WINDOWS\System32\ADVAPI32.dll
0x00007ffa88af0000 - 0x00007ffa88b8d000 	C:\WINDOWS\System32\msvcrt.dll
0x00007ffa888a0000 - 0x00007ffa888fb000 	C:\WINDOWS\System32\sechost.dll
0x00007ffa86b00000 - 0x00007ffa86c1f000 	C:\WINDOWS\System32\RPCRT4.dll
0x00007ffa86f30000 - 0x00007ffa870bf000 	C:\WINDOWS\System32\USER32.dll
0x00007ffa863f0000 - 0x00007ffa86410000 	C:\WINDOWS\System32\win32u.dll
0x00007ffa88870000 - 0x00007ffa88898000 	C:\WINDOWS\System32\GDI32.dll
0x00007ffa86200000 - 0x00007ffa86393000 	C:\WINDOWS\System32\gdi32full.dll
0x00007ffa85fd0000 - 0x00007ffa8606b000 	C:\WINDOWS\System32\msvcp_win.dll
0x00007ffa85ed0000 - 0x00007ffa85fc6000 	C:\WINDOWS\System32\ucrtbase.dll
0x00007ffa6f9b0000 - 0x00007ffa6fc19000 	C:\WINDOWS\WinSxS\amd64_microsoft.windows.common-controls_6595b64144ccf1df_6.0.16299.248_none_15ced204935f55d7\COMCTL32.dll
0x00007ffa86c20000 - 0x00007ffa86f28000 	C:\WINDOWS\System32\combase.dll
0x00007ffa86180000 - 0x00007ffa861f2000 	C:\WINDOWS\System32\bcryptPrimitives.dll
0x00007ffa86ab0000 - 0x00007ffa86add000 	C:\WINDOWS\System32\IMM32.DLL
0x0000000053530000 - 0x0000000053602000 	C:\Program Files\Java\jdk1.8.0_77\jre\bin\msvcr100.dll
0x0000000052ca0000 - 0x0000000053530000 	C:\Program Files\Java\jdk1.8.0_77\jre\bin\server\jvm.dll
0x00007ffa886c0000 - 0x00007ffa886c8000 	C:\WINDOWS\System32\PSAPI.DLL
0x00007ffa833a0000 - 0x00007ffa833c3000 	C:\WINDOWS\SYSTEM32\WINMM.dll
0x00007ffa77590000 - 0x00007ffa7759a000 	C:\WINDOWS\SYSTEM32\VERSION.dll
0x00007ffa6e010000 - 0x00007ffa6e019000 	C:\WINDOWS\SYSTEM32\WSOCK32.dll
0x00007ffa889b0000 - 0x00007ffa88a1c000 	C:\WINDOWS\System32\WS2_32.dll
0x00007ffa83340000 - 0x00007ffa8336a000 	C:\WINDOWS\SYSTEM32\WINMMBASE.dll
0x00007ffa863a0000 - 0x00007ffa863ea000 	C:\WINDOWS\System32\cfgmgr32.dll
0x0000000052c90000 - 0x0000000052c9f000 	C:\Program Files\Java\jdk1.8.0_77\jre\bin\verify.dll
0x0000000052c60000 - 0x0000000052c89000 	C:\Program Files\Java\jdk1.8.0_77\jre\bin\java.dll
0x0000000052c40000 - 0x0000000052c56000 	C:\Program Files\Java\jdk1.8.0_77\jre\bin\zip.dll
0x00007ffa87280000 - 0x00007ffa886b6000 	C:\WINDOWS\System32\SHELL32.dll
0x00007ffa88740000 - 0x00007ffa887e6000 	C:\WINDOWS\System32\shcore.dll
0x00007ffa855b0000 - 0x00007ffa85cf7000 	C:\WINDOWS\System32\windows.storage.dll
0x00007ffa870d0000 - 0x00007ffa87121000 	C:\WINDOWS\System32\shlwapi.dll
0x00007ffa85570000 - 0x00007ffa85581000 	C:\WINDOWS\System32\kernel.appcore.dll
0x00007ffa85520000 - 0x00007ffa8556c000 	C:\WINDOWS\System32\powrprof.dll
0x00007ffa85590000 - 0x00007ffa855ab000 	C:\WINDOWS\System32\profapi.dll
0x0000000052c20000 - 0x0000000052c3a000 	C:\Program Files\Java\jdk1.8.0_77\jre\bin\net.dll
0x00007ffa84d90000 - 0x00007ffa84df6000 	C:\WINDOWS\system32\mswsock.dll
0x0000000052c00000 - 0x0000000052c11000 	C:\Program Files\Java\jdk1.8.0_77\jre\bin\nio.dll
0x00007ffa7d190000 - 0x00007ffa7d1ae000 	C:\Users\bpradmin\.gradle\native\25\windows-amd64\native-platform.dll
0x0000000052bc0000 - 0x0000000052bcd000 	C:\Program Files\Java\jdk1.8.0_77\jre\bin\management.dll
0x00007ffa84f50000 - 0x00007ffa84f67000 	C:\WINDOWS\SYSTEM32\CRYPTSP.dll
0x00007ffa849a0000 - 0x00007ffa849d3000 	C:\WINDOWS\system32\rsaenh.dll
0x00007ffa85060000 - 0x00007ffa85085000 	C:\WINDOWS\SYSTEM32\bcrypt.dll
0x00007ffa85430000 - 0x00007ffa85459000 	C:\WINDOWS\SYSTEM32\USERENV.dll
0x00007ffa84f70000 - 0x00007ffa84f7b000 	C:\WINDOWS\SYSTEM32\CRYPTBASE.dll
0x00007ffa84b20000 - 0x00007ffa84b59000 	C:\WINDOWS\SYSTEM32\IPHLPAPI.DLL
0x00007ffa870c0000 - 0x00007ffa870c8000 	C:\WINDOWS\System32\NSI.dll
0x00007ffa7e900000 - 0x00007ffa7e916000 	C:\WINDOWS\SYSTEM32\dhcpcsvc6.DLL
0x00007ffa7e940000 - 0x00007ffa7e95a000 	C:\WINDOWS\SYSTEM32\dhcpcsvc.DLL

VM Arguments:
jvm_args: -XX:+HeapDumpOnOutOfMemoryError -Xmx1024m -Dfile.encoding=windows-1252 -Duser.country=US -Duser.language=en -Duser.variant 
java_command: org.gradle.launcher.daemon.bootstrap.GradleDaemon 4.4
java_class_path (initial): C:\Users\bpradmin\.gradle\wrapper\dists\gradle-4.4-all\9br9xq1tocpiv8o6njlyu5op1\gradle-4.4\lib\gradle-launcher-4.4.jar
Launcher Type: SUN_STANDARD

Environment Variables:
PATH=C:\Program Files (x86)\Common Files\Oracle\Java\javapath;C:\app\bpradmin\virtual\product\12.2.0\dbhome_1\bin;C:\Program Files\Java\jdk1.6.0_45\bin;C:\ProgramData\Oracle\Java\javapath;C:\WINDOWS\system32;C:\WINDOWS;C:\WINDOWS\System32\Wbem;C:\WINDOWS\System32\WindowsPowerShell\v1.0\;C:\Program Files\Java\jdk1.8.0_77\bin;C:\Program Files (x86)\Intel\OpenCL SDK\2.0\bin\x86;C:\Program Files (x86)\Intel\OpenCL SDK\2.0\bin\x64;C:\Program Files (x86)\EgisTec Port Locker\x64;C:\Program Files (x86)\EgisTec Port Locker\;C:\xampp\php;C:\play;C:\ProgramData\ComposerSetup\bin;C:\Program Files (x86)\Git\cmd;C:\Program Files\PuTTY\;C:\Program Files\Java\jdk1.6.0_45\bin;C:\Program Files\Java\jdk1.8.0_77\bin;C:\play;C:\Users\bpradmin\AppData\Roaming\Composer\vendor\bin;C:\xampp\php;%USERPROFILE%\AppData\Local\Microsoft\WindowsApps;
USERNAME=bpradmin
OS=Windows_NT
PROCESSOR_IDENTIFIER=Intel64 Family 6 Model 42 Stepping 7, GenuineIntel



---------------  S Y S T E M  ---------------

OS: Windows 10.0 , 64 bit Build 16299 (10.0.16299.15)

CPU:total 4 (2 cores per cpu, 2 threads per core) family 6 model 42 stepping 7, cmov, cx8, fxsr, mmx, sse, sse2, sse3, ssse3, sse4.1, sse4.2, popcnt, avx, clmul, ht, tsc, tscinvbit

Memory: 4k page, physical 8321396k(1609164k free), swap 13984828k(2892212k free)

vm_info: Java HotSpot(TM) 64-Bit Server VM (25.77-b03) for windows-amd64 JRE (1.8.0_77-b03), built on Mar 20 2016 22:01:33 by "java_re" with MS VC++ 10.0 (VS2010)

time: Mon Jul 02 22:46:06 2018
elapsed time: 12 seconds (0d 0h 0m 12s)

