#
# A fatal error has been detected by the Java Runtime Environment:
#
#  EXCEPTION_ACCESS_VIOLATION (0xc0000005) at pc=0x00000000055862a4, pid=9204, tid=996
#
# JRE version: Java(TM) SE Runtime Environment (8.0_77-b03) (build 1.8.0_77-b03)
# Java VM: Java HotSpot(TM) 64-Bit Server VM (25.77-b03 mixed mode windows-amd64 compressed oops)
# Problematic frame:
# J 590 C1 com.android.dx.rop.code.BasicBlock.getLastInsn()Lcom/android/dx/rop/code/Insn; (8 bytes) @ 0x00000000055862a4 [0x0000000005585f20+0x384]
#
# Failed to write core dump. Minidumps are not enabled by default on client versions of Windows
#
# If you would like to submit a bug report, please visit:
#   http://bugreport.java.com/bugreport/crash.jsp
#

---------------  T H R E A D  ---------------

Current thread (0x000000000510d800):  JavaThread "main" [_thread_in_Java, id=996, stack(0x0000000005110000,0x0000000005210000)]

siginfo: ExceptionCode=0xc0000005, reading address 0x0000000766708530

Registers:
RAX=0x00000000ece14df8, RBX=0x0000000100077f50, RCX=0x00000000ece04da8, RDX=0x00000000ece04dc8
RSP=0x000000000520f000, RBP=0x000000000520f0b0, RSI=0x000000010007ddb8, RDI=0x0000000766708500
R8 =0x0000000000000001, R9 =0x00000000ffffffff, R10=0x0000000000000002, R11=0x00000000ece04de0
R12=0x0000000000000000, R13=0x000000000520f068, R14=0x000000000520f0e8, R15=0x000000000510d800
RIP=0x00000000055862a4, EFLAGS=0x0000000000010206

Top of Stack: (sp=0x000000000520f000)
0x000000000520f000:   000000000520f070 0000000005317ced
0x000000000520f010:   00000000ecd84ed8 000000000520f018
0x000000000520f020:   00000000174e0100 000000000520f068
0x000000000520f030:   00000000175dc268 0000000000000000
0x000000000520f040:   000000000520f0b0 0000000005317a70
0x000000000520f050:   000000000520f0b0 0000000005317a70
0x000000000520f060:   0000000005317a70 00000000ece04da8
0x000000000520f070:   000000000520f070 00000000175b9b25
0x000000000520f080:   000000000520f0e8 00000000175ba568
0x000000000520f090:   0000000000000000 00000000175b9ba0
0x000000000520f0a0:   000000000520f068 000000000520f0e8
0x000000000520f0b0:   000000000520f130 0000000005317505
0x000000000520f0c0:   00000000c0000320 00000000ece04da8
0x000000000520f0d0:   0000000000000054 0000000000000065
0x000000000520f0e0:   00000000ece03e18 00000000ece03de0
0x000000000520f0f0:   000000000520f0f0 00000000175bb59c 

Instructions: (pc=0x00000000055862a4)
0x0000000005586284:   81 8f 30 01 00 00 00 01 00 00 e9 c1 00 00 00 48
0x0000000005586294:   bb 50 7f 07 00 01 00 00 00 8b 78 08 48 c1 e7 03
0x00000000055862a4:   48 3b 5f 30 0f 85 8a 00 00 00 48 bf 50 15 5d 17
0x00000000055862b4:   00 00 00 00 8b 58 08 48 c1 e3 03 48 3b 9f 40 01 


Register to memory mapping:

RAX=0x00000000ece14df8 is an oop

[error occurred during error reporting (printing register info), id 0xc0000005]

Stack: [0x0000000005110000,0x0000000005210000],  sp=0x000000000520f000,  free space=1020k
Native frames: (J=compiled Java code, j=interpreted, Vv=VM code, C=native code)
C  0x00000000055862a4


---------------  P R O C E S S  ---------------

Java Threads: ( => current thread )
  0x0000000017a3a000 JavaThread "Service Thread" daemon [_thread_blocked, id=1940, stack(0x0000000019740000,0x0000000019840000)]
  0x0000000017a1f000 JavaThread "C1 CompilerThread2" daemon [_thread_blocked, id=4656, stack(0x0000000019240000,0x0000000019340000)]
  0x00000000179e1000 JavaThread "C2 CompilerThread1" daemon [_thread_blocked, id=11212, stack(0x0000000019140000,0x0000000019240000)]
  0x00000000179de800 JavaThread "C2 CompilerThread0" daemon [_thread_blocked, id=8208, stack(0x0000000019040000,0x0000000019140000)]
  0x00000000179dd800 JavaThread "Attach Listener" daemon [_thread_blocked, id=10776, stack(0x0000000018f40000,0x0000000019040000)]
  0x00000000179dc000 JavaThread "Signal Dispatcher" daemon [_thread_blocked, id=9352, stack(0x0000000018e40000,0x0000000018f40000)]
  0x00000000179ca800 JavaThread "Finalizer" daemon [_thread_blocked, id=6076, stack(0x0000000018c50000,0x0000000018d50000)]
  0x0000000005302800 JavaThread "Reference Handler" daemon [_thread_blocked, id=5600, stack(0x0000000018b50000,0x0000000018c50000)]
=>0x000000000510d800 JavaThread "main" [_thread_in_Java, id=996, stack(0x0000000005110000,0x0000000005210000)]

Other Threads:
  0x00000000179a6800 VMThread [stack: 0x0000000018a50000,0x0000000018b50000] [id=5204]
  0x0000000019360000 WatcherThread [stack: 0x0000000019840000,0x0000000019940000] [id=8868]

VM state:not at safepoint (normal execution)

VM Mutex/Monitor currently owned by a thread: None

Heap:
 PSYoungGen      total 38400K, used 37436K [0x00000000eab00000, 0x00000000ed580000, 0x0000000100000000)
  eden space 33280K, 97% used [0x00000000eab00000,0x00000000eca96bc0,0x00000000ecb80000)
  from space 5120K, 99% used [0x00000000ecb80000,0x00000000ed078640,0x00000000ed080000)
  to   space 5120K, 0% used [0x00000000ed080000,0x00000000ed080000,0x00000000ed580000)
 ParOldGen       total 87552K, used 1989K [0x00000000c0000000, 0x00000000c5580000, 0x00000000eab00000)
  object space 87552K, 2% used [0x00000000c0000000,0x00000000c01f1750,0x00000000c5580000)
 Metaspace       used 5869K, capacity 7024K, committed 7296K, reserved 1056768K
  class space    used 566K, capacity 616K, committed 640K, reserved 1048576K

Card table byte_map: [0x00000000146d0000,0x00000000148e0000] byte_map_base: 0x00000000140d0000

Marking Bits: (ParMarkBitMap*) 0x0000000071180600
 Begin Bits: [0x0000000014e40000, 0x0000000015e40000)
 End Bits:   [0x0000000015e40000, 0x0000000016e40000)

Polling page: 0x00000000038e0000

CodeCache: size=245760Kb used=6898Kb max_used=6911Kb free=238861Kb
 bounds [0x0000000005310000, 0x00000000059e0000, 0x0000000014310000]
 total_blobs=1832 nmethods=1567 adapters=178
 compilation: enabled

Compilation events (10 events):
Event: 4.466 Thread 0x00000000179de800 nmethod 1565 0x00000000059c8410 code [0x00000000059c8560, 0x00000000059c8698]
Event: 4.468 Thread 0x0000000017a1f000 1566       3       com.android.dx.dex.file.AnnotationSetItem::hashCode (8 bytes)
Event: 4.469 Thread 0x0000000017a1f000 nmethod 1566 0x00000000059d2bd0 code [0x00000000059d2d40, 0x00000000059d3028]
Event: 4.469 Thread 0x0000000017a1f000 1567       3       com.android.dx.rop.annotation.Annotations::hashCode (8 bytes)
Event: 4.469 Thread 0x0000000017a1f000 nmethod 1567 0x00000000059d2790 code [0x00000000059d2900, 0x00000000059d2b08]
Event: 4.469 Thread 0x0000000017a1f000 1568       3       com.android.dx.dex.file.MixedItemSection::intern (39 bytes)
Event: 4.470 Thread 0x0000000017a1f000 nmethod 1568 0x00000000059d1d10 code [0x00000000059d1ec0, 0x00000000059d2578]
Event: 4.479 Thread 0x0000000017a1f000 1569       3       com.android.dx.dex.file.OffsettedItem::equals (45 bytes)
Event: 4.480 Thread 0x0000000017a1f000 nmethod 1569 0x00000000059cd110 code [0x00000000059cd2c0, 0x00000000059cd848]
Event: 4.484 Thread 0x00000000179e1000 1570       4       java.util.HashMap::put (13 bytes)

GC Heap History (2 events):
Event: 2.523 GC heap before
{Heap before GC invocations=1 (full 0):
 PSYoungGen      total 38400K, used 33280K [0x00000000eab00000, 0x00000000ed580000, 0x0000000100000000)
  eden space 33280K, 100% used [0x00000000eab00000,0x00000000ecb80000,0x00000000ecb80000)
  from space 5120K, 0% used [0x00000000ed080000,0x00000000ed080000,0x00000000ed580000)
  to   space 5120K, 0% used [0x00000000ecb80000,0x00000000ecb80000,0x00000000ed080000)
 ParOldGen       total 87552K, used 0K [0x00000000c0000000, 0x00000000c5580000, 0x00000000eab00000)
  object space 87552K, 0% used [0x00000000c0000000,0x00000000c0000000,0x00000000c5580000)
 Metaspace       used 5552K, capacity 6896K, committed 7040K, reserved 1056768K
  class space    used 544K, capacity 616K, committed 640K, reserved 1048576K
Event: 2.538 GC heap after
Heap after GC invocations=1 (full 0):
 PSYoungGen      total 38400K, used 5089K [0x00000000eab00000, 0x00000000ed580000, 0x0000000100000000)
  eden space 33280K, 0% used [0x00000000eab00000,0x00000000eab00000,0x00000000ecb80000)
  from space 5120K, 99% used [0x00000000ecb80000,0x00000000ed078640,0x00000000ed080000)
  to   space 5120K, 0% used [0x00000000ed080000,0x00000000ed080000,0x00000000ed580000)
 ParOldGen       total 87552K, used 1989K [0x00000000c0000000, 0x00000000c5580000, 0x00000000eab00000)
  object space 87552K, 2% used [0x00000000c0000000,0x00000000c01f1750,0x00000000c5580000)
 Metaspace       used 5552K, capacity 6896K, committed 7040K, reserved 1056768K
  class space    used 544K, capacity 616K, committed 640K, reserved 1048576K
}

Deoptimization events (10 events):
Event: 4.398 Thread 0x000000000510d800 Uncommon trap: reason=bimorphic action=maybe_recompile pc=0x00000000059c00fc method=java.util.Arrays.hashCode([Ljava/lang/Object;)I @ 43
Event: 4.398 Thread 0x000000000510d800 Uncommon trap: reason=bimorphic action=maybe_recompile pc=0x00000000059c00fc method=java.util.Arrays.hashCode([Ljava/lang/Object;)I @ 43
Event: 4.401 Thread 0x000000000510d800 Uncommon trap: reason=bimorphic action=maybe_recompile pc=0x00000000055d53bc method=java.util.HashMap.getNode(ILjava/lang/Object;)Ljava/util/HashMap$Node; @ 126
Event: 4.403 Thread 0x000000000510d800 Uncommon trap: reason=bimorphic action=maybe_recompile pc=0x00000000055d53bc method=java.util.HashMap.getNode(ILjava/lang/Object;)Ljava/util/HashMap$Node; @ 126
Event: 4.403 Thread 0x000000000510d800 Uncommon trap: reason=bimorphic action=maybe_recompile pc=0x00000000055d53bc method=java.util.HashMap.getNode(ILjava/lang/Object;)Ljava/util/HashMap$Node; @ 126
Event: 4.423 Thread 0x000000000510d800 Uncommon trap: reason=bimorphic action=maybe_recompile pc=0x00000000055d53bc method=java.util.HashMap.getNode(ILjava/lang/Object;)Ljava/util/HashMap$Node; @ 126
Event: 4.471 Thread 0x000000000510d800 Uncommon trap: reason=class_check action=maybe_recompile pc=0x000000000570ea1c method=java.util.HashMap.putVal(ILjava/lang/Object;Ljava/lang/Object;ZZ)Ljava/lang/Object; @ 203
Event: 4.473 Thread 0x000000000510d800 Uncommon trap: reason=class_check action=maybe_recompile pc=0x000000000570ea1c method=java.util.HashMap.putVal(ILjava/lang/Object;Ljava/lang/Object;ZZ)Ljava/lang/Object; @ 203
Event: 4.474 Thread 0x000000000510d800 Uncommon trap: reason=class_check action=maybe_recompile pc=0x000000000570ea1c method=java.util.HashMap.putVal(ILjava/lang/Object;Ljava/lang/Object;ZZ)Ljava/lang/Object; @ 203
Event: 4.476 Thread 0x000000000510d800 Uncommon trap: reason=class_check action=maybe_recompile pc=0x000000000570ea1c method=java.util.HashMap.putVal(ILjava/lang/Object;Ljava/lang/Object;ZZ)Ljava/lang/Object; @ 203

Internal exceptions (2 events):
Event: 0.077 Thread 0x000000000510d800 Exception <a 'java/lang/NoSuchMethodError': Method sun.misc.Unsafe.defineClass(Ljava/lang/String;[BII)Ljava/lang/Class; name or signature does not match> (0x00000000eab07cc0) thrown at [D:\re\workspace\8-2-build-windows-amd64-cygwin\jdk8u77\6540\hotspot\srT¯øk¦³?
Event: 0.077 Thread 0x000000000510d800 Exception <a 'java/lang/NoSuchMethodError': Method sun.misc.Unsafe.prefetchRead(Ljava/lang/Object;J)V name or signature does not match> (0x00000000eab07fa8) thrown at [D:\re\workspace\8-2-build-windows-amd64-cygwin\jdk8u77\6540\hotspot\src\share\vm\prims\j

Events (10 events):
Event: 4.474 Thread 0x000000000510d800 Uncommon trap: trap_request=0xffffffde fr.pc=0x000000000570ea1c
Event: 4.476 Thread 0x000000000510d800 DEOPT PACKING pc=0x000000000570ea1c sp=0x000000000520f050
Event: 4.476 Thread 0x000000000510d800 DEOPT UNPACKING pc=0x000000000535582a sp=0x000000000520ef60 mode 2
Event: 4.476 Thread 0x000000000510d800 Uncommon trap: trap_request=0xffffffde fr.pc=0x000000000570ea1c
Event: 4.476 Thread 0x000000000510d800 DEOPT PACKING pc=0x000000000570ea1c sp=0x000000000520f050
Event: 4.476 Thread 0x000000000510d800 DEOPT UNPACKING pc=0x000000000535582a sp=0x000000000520ef60 mode 2
Event: 4.482 loading class java/util/HashMap$KeySet
Event: 4.482 loading class java/util/HashMap$KeySet done
Event: 4.483 loading class java/util/HashMap$KeyIterator
Event: 4.483 loading class java/util/HashMap$KeyIterator done


Dynamic libraries:
0x00007ff7ea370000 - 0x00007ff7ea3a7000 	C:\Program Files\Java\jdk1.8.0_77\bin\java.exe
0x00007fff813b0000 - 0x00007fff81590000 	C:\WINDOWS\SYSTEM32\ntdll.dll
0x00007fff80950000 - 0x00007fff809fe000 	C:\WINDOWS\System32\KERNEL32.DLL
0x00007fff7e3d0000 - 0x00007fff7e636000 	C:\WINDOWS\System32\KERNELBASE.dll
0x00007fff80d50000 - 0x00007fff80df1000 	C:\WINDOWS\System32\ADVAPI32.dll
0x00007fff80e00000 - 0x00007fff80e9d000 	C:\WINDOWS\System32\msvcrt.dll
0x00007fff7efa0000 - 0x00007fff7effb000 	C:\WINDOWS\System32\sechost.dll
0x00007fff81230000 - 0x00007fff8134f000 	C:\WINDOWS\System32\RPCRT4.dll
0x00007fff7e950000 - 0x00007fff7eadf000 	C:\WINDOWS\System32\USER32.dll
0x00007fff7e640000 - 0x00007fff7e660000 	C:\WINDOWS\System32\win32u.dll
0x00007fff804c0000 - 0x00007fff804e8000 	C:\WINDOWS\System32\GDI32.dll
0x00007fff7e230000 - 0x00007fff7e3c3000 	C:\WINDOWS\System32\gdi32full.dll
0x00007fff7d7b0000 - 0x00007fff7d84b000 	C:\WINDOWS\System32\msvcp_win.dll
0x00007fff7d8b0000 - 0x00007fff7d9a6000 	C:\WINDOWS\System32\ucrtbase.dll
0x00007fff6a550000 - 0x00007fff6a7b9000 	C:\WINDOWS\WinSxS\amd64_microsoft.windows.common-controls_6595b64144ccf1df_6.0.16299.248_none_15ced204935f55d7\COMCTL32.dll
0x00007fff80f20000 - 0x00007fff81228000 	C:\WINDOWS\System32\combase.dll
0x00007fff7d9b0000 - 0x00007fff7da22000 	C:\WINDOWS\System32\bcryptPrimitives.dll
0x00007fff81350000 - 0x00007fff8137d000 	C:\WINDOWS\System32\IMM32.DLL
0x0000000070890000 - 0x0000000070962000 	C:\Program Files\Java\jdk1.8.0_77\jre\bin\msvcr100.dll
0x0000000070970000 - 0x0000000071200000 	C:\Program Files\Java\jdk1.8.0_77\jre\bin\server\jvm.dll
0x00007fff80940000 - 0x00007fff80948000 	C:\WINDOWS\System32\PSAPI.DLL
0x00007fff7b6f0000 - 0x00007fff7b713000 	C:\WINDOWS\SYSTEM32\WINMM.dll
0x00007fff736e0000 - 0x00007fff736ea000 	C:\WINDOWS\SYSTEM32\VERSION.dll
0x00007fff7b690000 - 0x00007fff7b6ba000 	C:\WINDOWS\SYSTEM32\WINMMBASE.dll
0x00007fff7e660000 - 0x00007fff7e6aa000 	C:\WINDOWS\System32\cfgmgr32.dll
0x00007fff60ee0000 - 0x00007fff60ee9000 	C:\WINDOWS\SYSTEM32\WSOCK32.dll
0x00007fff7e880000 - 0x00007fff7e8ec000 	C:\WINDOWS\System32\WS2_32.dll
0x0000000070880000 - 0x000000007088f000 	C:\Program Files\Java\jdk1.8.0_77\jre\bin\verify.dll
0x0000000070850000 - 0x0000000070879000 	C:\Program Files\Java\jdk1.8.0_77\jre\bin\java.dll
0x0000000070830000 - 0x0000000070846000 	C:\Program Files\Java\jdk1.8.0_77\jre\bin\zip.dll
0x00007fff7f000000 - 0x00007fff80436000 	C:\WINDOWS\System32\SHELL32.dll
0x00007fff7ee50000 - 0x00007fff7eef6000 	C:\WINDOWS\System32\shcore.dll
0x00007fff7dae0000 - 0x00007fff7e227000 	C:\WINDOWS\System32\windows.storage.dll
0x00007fff7e8f0000 - 0x00007fff7e941000 	C:\WINDOWS\System32\shlwapi.dll
0x00007fff7d790000 - 0x00007fff7d7a1000 	C:\WINDOWS\System32\kernel.appcore.dll
0x00007fff7d700000 - 0x00007fff7d74c000 	C:\WINDOWS\System32\powrprof.dll
0x00007fff7d750000 - 0x00007fff7d76b000 	C:\WINDOWS\System32\profapi.dll
0x00007fff6f5f0000 - 0x00007fff6f7b8000 	C:\WINDOWS\SYSTEM32\dbghelp.dll

VM Arguments:
jvm_args: -Xmx1024M -Dfile.encoding=windows-1252 -Duser.country=US -Duser.language=en -Duser.variant 
java_command: com.android.dx.command.Main --dex --output C:\Users\bpradmin\AndroidStudioProjects\etrack\app\build\intermediates\dex\debug C:\Users\bpradmin\AndroidStudioProjects\etrack\app\build\intermediates\classes\debug C:\Users\bpradmin\AndroidStudioProjects\etrack\app\build\intermediates\pre-dexed\debug\support-annotations-22.1.1-0f8f63c67e331dc1791229bedbe2e9610420ceb8.jar C:\Users\bpradmin\AndroidStudioProjects\etrack\app\build\intermediates\pre-dexed\debug\classes-1e97c64987b80d4cc9d048c04c16a70f81adcf1a.jar C:\Users\bpradmin\AndroidStudioProjects\etrack\app\build\intermediates\pre-dexed\debug\internal_impl-22.1.1-65458a6fa4c78b88571fcf6c85900616da73bb2b.jar C:\Users\bpradmin\AndroidStudioProjects\etrack\app\build\intermediates\pre-dexed\debug\classes-2e400874e25a004764e18b14ea3c7d6756ba4bb1.jar C:\Users\bpradmin\AndroidStudioProjects\etrack\app\build\intermediates\pre-dexed\debug\classes-6307ac7cc8d10fd818e54295e562897c6ed9d372.jar C:\Users\bpradmin\AndroidStudioProjects\etrack\app\build\intermediates\pre-dexed\debug\classes-cd77d45491eda6173886c3ba2ab5b3b98854bad9.jar
java_class_path (initial): C:\Users\bpradmin\AppData\Local\Android\sdk\build-tools\22.0.1\lib\dx.jar
Launcher Type: SUN_STANDARD

Environment Variables:
PATH=C:\Program Files (x86)\Common Files\Oracle\Java\javapath;C:\app\bpradmin\virtual\product\12.2.0\dbhome_1\bin;C:\Program Files\Java\jdk1.6.0_45\bin;C:\ProgramData\Oracle\Java\javapath;C:\WINDOWS\system32;C:\WINDOWS;C:\WINDOWS\System32\Wbem;C:\WINDOWS\System32\WindowsPowerShell\v1.0\;C:\Program Files\Java\jdk1.8.0_77\bin;C:\Program Files (x86)\Intel\OpenCL SDK\2.0\bin\x86;C:\Program Files (x86)\Intel\OpenCL SDK\2.0\bin\x64;C:\Program Files (x86)\EgisTec Port Locker\x64;C:\Program Files (x86)\EgisTec Port Locker\;C:\xampp\php;C:\play;C:\ProgramData\ComposerSetup\bin;C:\Program Files (x86)\Git\cmd;C:\Program Files\PuTTY\;C:\Program Files\Java\jdk1.8.0_77\bin;C:\play;C:\Users\bpradmin\AppData\Roaming\Composer\vendor\bin;C:\xampp\php;C:\Users\bpradmin\AppData\Local\Microsoft\WindowsApps;
USERNAME=bpradmin
OS=Windows_NT
PROCESSOR_IDENTIFIER=Intel64 Family 6 Model 42 Stepping 7, GenuineIntel



---------------  S Y S T E M  ---------------

OS: Windows 10.0 , 64 bit Build 16299 (10.0.16299.15)

CPU:total 4 (2 cores per cpu, 2 threads per core) family 6 model 42 stepping 7, cmov, cx8, fxsr, mmx, sse, sse2, sse3, ssse3, sse4.1, sse4.2, popcnt, avx, clmul, ht, tsc, tscinvbit

Memory: 4k page, physical 8321396k(2735168k free), swap 11467124k(2736584k free)

vm_info: Java HotSpot(TM) 64-Bit Server VM (25.77-b03) for windows-amd64 JRE (1.8.0_77-b03), built on Mar 20 2016 22:01:33 by "java_re" with MS VC++ 10.0 (VS2010)

time: Fri Jul 06 16:13:07 2018
elapsed time: 4 seconds (0d 0h 0m 4s)

